This is pdfTeX, Version 3.14159265-2.6-1.40.18 (TeX Live 2017) (preloaded format=pdflatex 2017.8.24)  22 DEC 2018 18:47
entering extended mode
 \write18 enabled.
 file:line:error style messages enabled.
 %&-line parsing enabled.
**VoituresMoyenne_ProductionFinale.tex
(./VoituresMoyenne_ProductionFinale.tex
LaTeX2e <2017-04-15>
Babel <3.12> and hyphenation patterns for 84 language(s) loaded.
(/home/afradin/texlive/2017/texmf-dist/tex/latex/base/article.cls
Document Class: article 2014/09/29 v1.4h Standard LaTeX document class
(/home/afradin/texlive/2017/texmf-dist/tex/latex/base/size11.clo
File: size11.clo 2014/09/29 v1.4h Standard LaTeX file (size option)
)
\c@part=\count79
\c@section=\count80
\c@subsection=\count81
\c@subsubsection=\count82
\c@paragraph=\count83
\c@subparagraph=\count84
\c@figure=\count85
\c@table=\count86
\abovecaptionskip=\skip41
\belowcaptionskip=\skip42
\bibindent=\dimen102
)
(/home/afradin/texlive/2017/texmf-dist/tex/latex/base/fontenc.sty
Package: fontenc 2017/04/05 v2.0i Standard LaTeX package

(/home/afradin/texlive/2017/texmf-dist/tex/latex/base/t1enc.def
File: t1enc.def 2017/04/05 v2.0i Standard LaTeX file
LaTeX Font Info:    Redeclaring font encoding T1 on input line 48.
))
(/home/afradin/texlive/2017/texmf-dist/tex/latex/base/inputenc.sty
Package: inputenc 2015/03/17 v1.2c Input encoding file
\inpenc@prehook=\toks14
\inpenc@posthook=\toks15

(/home/afradin/texlive/2017/texmf-dist/tex/latex/base/utf8.def
File: utf8.def 2017/01/28 v1.1t UTF-8 support for inputenc
Now handling font encoding OML ...
... no UTF-8 mapping file for font encoding OML
Now handling font encoding T1 ...
... processing UTF-8 mapping file for font encoding T1

(/home/afradin/texlive/2017/texmf-dist/tex/latex/base/t1enc.dfu
File: t1enc.dfu 2017/01/28 v1.1t UTF-8 support for inputenc
   defining Unicode char U+00A0 (decimal 160)
   defining Unicode char U+00A1 (decimal 161)
   defining Unicode char U+00A3 (decimal 163)
   defining Unicode char U+00AB (decimal 171)
   defining Unicode char U+00AD (decimal 173)
   defining Unicode char U+00BB (decimal 187)
   defining Unicode char U+00BF (decimal 191)
   defining Unicode char U+00C0 (decimal 192)
   defining Unicode char U+00C1 (decimal 193)
   defining Unicode char U+00C2 (decimal 194)
   defining Unicode char U+00C3 (decimal 195)
   defining Unicode char U+00C4 (decimal 196)
   defining Unicode char U+00C5 (decimal 197)
   defining Unicode char U+00C6 (decimal 198)
   defining Unicode char U+00C7 (decimal 199)
   defining Unicode char U+00C8 (decimal 200)
   defining Unicode char U+00C9 (decimal 201)
   defining Unicode char U+00CA (decimal 202)
   defining Unicode char U+00CB (decimal 203)
   defining Unicode char U+00CC (decimal 204)
   defining Unicode char U+00CD (decimal 205)
   defining Unicode char U+00CE (decimal 206)
   defining Unicode char U+00CF (decimal 207)
   defining Unicode char U+00D0 (decimal 208)
   defining Unicode char U+00D1 (decimal 209)
   defining Unicode char U+00D2 (decimal 210)
   defining Unicode char U+00D3 (decimal 211)
   defining Unicode char U+00D4 (decimal 212)
   defining Unicode char U+00D5 (decimal 213)
   defining Unicode char U+00D6 (decimal 214)
   defining Unicode char U+00D8 (decimal 216)
   defining Unicode char U+00D9 (decimal 217)
   defining Unicode char U+00DA (decimal 218)
   defining Unicode char U+00DB (decimal 219)
   defining Unicode char U+00DC (decimal 220)
   defining Unicode char U+00DD (decimal 221)
   defining Unicode char U+00DE (decimal 222)
   defining Unicode char U+00DF (decimal 223)
   defining Unicode char U+00E0 (decimal 224)
   defining Unicode char U+00E1 (decimal 225)
   defining Unicode char U+00E2 (decimal 226)
   defining Unicode char U+00E3 (decimal 227)
   defining Unicode char U+00E4 (decimal 228)
   defining Unicode char U+00E5 (decimal 229)
   defining Unicode char U+00E6 (decimal 230)
   defining Unicode char U+00E7 (decimal 231)
   defining Unicode char U+00E8 (decimal 232)
   defining Unicode char U+00E9 (decimal 233)
   defining Unicode char U+00EA (decimal 234)
   defining Unicode char U+00EB (decimal 235)
   defining Unicode char U+00EC (decimal 236)
   defining Unicode char U+00ED (decimal 237)
   defining Unicode char U+00EE (decimal 238)
   defining Unicode char U+00EF (decimal 239)
   defining Unicode char U+00F0 (decimal 240)
   defining Unicode char U+00F1 (decimal 241)
   defining Unicode char U+00F2 (decimal 242)
   defining Unicode char U+00F3 (decimal 243)
   defining Unicode char U+00F4 (decimal 244)
   defining Unicode char U+00F5 (decimal 245)
   defining Unicode char U+00F6 (decimal 246)
   defining Unicode char U+00F8 (decimal 248)
   defining Unicode char U+00F9 (decimal 249)
   defining Unicode char U+00FA (decimal 250)
   defining Unicode char U+00FB (decimal 251)
   defining Unicode char U+00FC (decimal 252)
   defining Unicode char U+00FD (decimal 253)
   defining Unicode char U+00FE (decimal 254)
   defining Unicode char U+00FF (decimal 255)
   defining Unicode char U+0100 (decimal 256)
   defining Unicode char U+0101 (decimal 257)
   defining Unicode char U+0102 (decimal 258)
   defining Unicode char U+0103 (decimal 259)
   defining Unicode char U+0104 (decimal 260)
   defining Unicode char U+0105 (decimal 261)
   defining Unicode char U+0106 (decimal 262)
   defining Unicode char U+0107 (decimal 263)
   defining Unicode char U+0108 (decimal 264)
   defining Unicode char U+0109 (decimal 265)
   defining Unicode char U+010A (decimal 266)
   defining Unicode char U+010B (decimal 267)
   defining Unicode char U+010C (decimal 268)
   defining Unicode char U+010D (decimal 269)
   defining Unicode char U+010E (decimal 270)
   defining Unicode char U+010F (decimal 271)
   defining Unicode char U+0110 (decimal 272)
   defining Unicode char U+0111 (decimal 273)
   defining Unicode char U+0112 (decimal 274)
   defining Unicode char U+0113 (decimal 275)
   defining Unicode char U+0114 (decimal 276)
   defining Unicode char U+0115 (decimal 277)
   defining Unicode char U+0116 (decimal 278)
   defining Unicode char U+0117 (decimal 279)
   defining Unicode char U+0118 (decimal 280)
   defining Unicode char U+0119 (decimal 281)
   defining Unicode char U+011A (decimal 282)
   defining Unicode char U+011B (decimal 283)
   defining Unicode char U+011C (decimal 284)
   defining Unicode char U+011D (decimal 285)
   defining Unicode char U+011E (decimal 286)
   defining Unicode char U+011F (decimal 287)
   defining Unicode char U+0120 (decimal 288)
   defining Unicode char U+0121 (decimal 289)
   defining Unicode char U+0122 (decimal 290)
   defining Unicode char U+0123 (decimal 291)
   defining Unicode char U+0124 (decimal 292)
   defining Unicode char U+0125 (decimal 293)
   defining Unicode char U+0128 (decimal 296)
   defining Unicode char U+0129 (decimal 297)
   defining Unicode char U+012A (decimal 298)
   defining Unicode char U+012B (decimal 299)
   defining Unicode char U+012C (decimal 300)
   defining Unicode char U+012D (decimal 301)
   defining Unicode char U+012E (decimal 302)
   defining Unicode char U+012F (decimal 303)
   defining Unicode char U+0130 (decimal 304)
   defining Unicode char U+0131 (decimal 305)
   defining Unicode char U+0132 (decimal 306)
   defining Unicode char U+0133 (decimal 307)
   defining Unicode char U+0134 (decimal 308)
   defining Unicode char U+0135 (decimal 309)
   defining Unicode char U+0136 (decimal 310)
   defining Unicode char U+0137 (decimal 311)
   defining Unicode char U+0139 (decimal 313)
   defining Unicode char U+013A (decimal 314)
   defining Unicode char U+013B (decimal 315)
   defining Unicode char U+013C (decimal 316)
   defining Unicode char U+013D (decimal 317)
   defining Unicode char U+013E (decimal 318)
   defining Unicode char U+0141 (decimal 321)
   defining Unicode char U+0142 (decimal 322)
   defining Unicode char U+0143 (decimal 323)
   defining Unicode char U+0144 (decimal 324)
   defining Unicode char U+0145 (decimal 325)
   defining Unicode char U+0146 (decimal 326)
   defining Unicode char U+0147 (decimal 327)
   defining Unicode char U+0148 (decimal 328)
   defining Unicode char U+014A (decimal 330)
   defining Unicode char U+014B (decimal 331)
   defining Unicode char U+014C (decimal 332)
   defining Unicode char U+014D (decimal 333)
   defining Unicode char U+014E (decimal 334)
   defining Unicode char U+014F (decimal 335)
   defining Unicode char U+0150 (decimal 336)
   defining Unicode char U+0151 (decimal 337)
   defining Unicode char U+0152 (decimal 338)
   defining Unicode char U+0153 (decimal 339)
   defining Unicode char U+0154 (decimal 340)
   defining Unicode char U+0155 (decimal 341)
   defining Unicode char U+0156 (decimal 342)
   defining Unicode char U+0157 (decimal 343)
   defining Unicode char U+0158 (decimal 344)
   defining Unicode char U+0159 (decimal 345)
   defining Unicode char U+015A (decimal 346)
   defining Unicode char U+015B (decimal 347)
   defining Unicode char U+015C (decimal 348)
   defining Unicode char U+015D (decimal 349)
   defining Unicode char U+015E (decimal 350)
   defining Unicode char U+015F (decimal 351)
   defining Unicode char U+0160 (decimal 352)
   defining Unicode char U+0161 (decimal 353)
   defining Unicode char U+0162 (decimal 354)
   defining Unicode char U+0163 (decimal 355)
   defining Unicode char U+0164 (decimal 356)
   defining Unicode char U+0165 (decimal 357)
   defining Unicode char U+0168 (decimal 360)
   defining Unicode char U+0169 (decimal 361)
   defining Unicode char U+016A (decimal 362)
   defining Unicode char U+016B (decimal 363)
   defining Unicode char U+016C (decimal 364)
   defining Unicode char U+016D (decimal 365)
   defining Unicode char U+016E (decimal 366)
   defining Unicode char U+016F (decimal 367)
   defining Unicode char U+0170 (decimal 368)
   defining Unicode char U+0171 (decimal 369)
   defining Unicode char U+0172 (decimal 370)
   defining Unicode char U+0173 (decimal 371)
   defining Unicode char U+0174 (decimal 372)
   defining Unicode char U+0175 (decimal 373)
   defining Unicode char U+0176 (decimal 374)
   defining Unicode char U+0177 (decimal 375)
   defining Unicode char U+0178 (decimal 376)
   defining Unicode char U+0179 (decimal 377)
   defining Unicode char U+017A (decimal 378)
   defining Unicode char U+017B (decimal 379)
   defining Unicode char U+017C (decimal 380)
   defining Unicode char U+017D (decimal 381)
   defining Unicode char U+017E (decimal 382)
   defining Unicode char U+01CD (decimal 461)
   defining Unicode char U+01CE (decimal 462)
   defining Unicode char U+01CF (decimal 463)
   defining Unicode char U+01D0 (decimal 464)
   defining Unicode char U+01D1 (decimal 465)
   defining Unicode char U+01D2 (decimal 466)
   defining Unicode char U+01D3 (decimal 467)
   defining Unicode char U+01D4 (decimal 468)
   defining Unicode char U+01E2 (decimal 482)
   defining Unicode char U+01E3 (decimal 483)
   defining Unicode char U+01E6 (decimal 486)
   defining Unicode char U+01E7 (decimal 487)
   defining Unicode char U+01E8 (decimal 488)
   defining Unicode char U+01E9 (decimal 489)
   defining Unicode char U+01EA (decimal 490)
   defining Unicode char U+01EB (decimal 491)
   defining Unicode char U+01F0 (decimal 496)
   defining Unicode char U+01F4 (decimal 500)
   defining Unicode char U+01F5 (decimal 501)
   defining Unicode char U+0218 (decimal 536)
   defining Unicode char U+0219 (decimal 537)
   defining Unicode char U+021A (decimal 538)
   defining Unicode char U+021B (decimal 539)
   defining Unicode char U+0232 (decimal 562)
   defining Unicode char U+0233 (decimal 563)
   defining Unicode char U+1E02 (decimal 7682)
   defining Unicode char U+1E03 (decimal 7683)
   defining Unicode char U+200C (decimal 8204)
   defining Unicode char U+2010 (decimal 8208)
   defining Unicode char U+2011 (decimal 8209)
   defining Unicode char U+2012 (decimal 8210)
   defining Unicode char U+2013 (decimal 8211)
   defining Unicode char U+2014 (decimal 8212)
   defining Unicode char U+2015 (decimal 8213)
   defining Unicode char U+2018 (decimal 8216)
   defining Unicode char U+2019 (decimal 8217)
   defining Unicode char U+201A (decimal 8218)
   defining Unicode char U+201C (decimal 8220)
   defining Unicode char U+201D (decimal 8221)
   defining Unicode char U+201E (decimal 8222)
   defining Unicode char U+2030 (decimal 8240)
   defining Unicode char U+2031 (decimal 8241)
   defining Unicode char U+2039 (decimal 8249)
   defining Unicode char U+203A (decimal 8250)
   defining Unicode char U+2423 (decimal 9251)
   defining Unicode char U+1E20 (decimal 7712)
   defining Unicode char U+1E21 (decimal 7713)
)
Now handling font encoding OT1 ...
... processing UTF-8 mapping file for font encoding OT1

(/home/afradin/texlive/2017/texmf-dist/tex/latex/base/ot1enc.dfu
File: ot1enc.dfu 2017/01/28 v1.1t UTF-8 support for inputenc
   defining Unicode char U+00A0 (decimal 160)
   defining Unicode char U+00A1 (decimal 161)
   defining Unicode char U+00A3 (decimal 163)
   defining Unicode char U+00AD (decimal 173)
   defining Unicode char U+00B8 (decimal 184)
   defining Unicode char U+00BF (decimal 191)
   defining Unicode char U+00C5 (decimal 197)
   defining Unicode char U+00C6 (decimal 198)
   defining Unicode char U+00D8 (decimal 216)
   defining Unicode char U+00DF (decimal 223)
   defining Unicode char U+00E6 (decimal 230)
   defining Unicode char U+00EC (decimal 236)
   defining Unicode char U+00ED (decimal 237)
   defining Unicode char U+00EE (decimal 238)
   defining Unicode char U+00EF (decimal 239)
   defining Unicode char U+00F8 (decimal 248)
   defining Unicode char U+0131 (decimal 305)
   defining Unicode char U+0141 (decimal 321)
   defining Unicode char U+0142 (decimal 322)
   defining Unicode char U+0152 (decimal 338)
   defining Unicode char U+0153 (decimal 339)
   defining Unicode char U+0174 (decimal 372)
   defining Unicode char U+0175 (decimal 373)
   defining Unicode char U+0176 (decimal 374)
   defining Unicode char U+0177 (decimal 375)
   defining Unicode char U+0218 (decimal 536)
   defining Unicode char U+0219 (decimal 537)
   defining Unicode char U+021A (decimal 538)
   defining Unicode char U+021B (decimal 539)
   defining Unicode char U+2013 (decimal 8211)
   defining Unicode char U+2014 (decimal 8212)
   defining Unicode char U+2018 (decimal 8216)
   defining Unicode char U+2019 (decimal 8217)
   defining Unicode char U+201C (decimal 8220)
   defining Unicode char U+201D (decimal 8221)
)
Now handling font encoding OMS ...
... processing UTF-8 mapping file for font encoding OMS

(/home/afradin/texlive/2017/texmf-dist/tex/latex/base/omsenc.dfu
File: omsenc.dfu 2017/01/28 v1.1t UTF-8 support for inputenc
   defining Unicode char U+00A7 (decimal 167)
   defining Unicode char U+00B6 (decimal 182)
   defining Unicode char U+00B7 (decimal 183)
   defining Unicode char U+2020 (decimal 8224)
   defining Unicode char U+2021 (decimal 8225)
   defining Unicode char U+2022 (decimal 8226)
)
Now handling font encoding OMX ...
... no UTF-8 mapping file for font encoding OMX
Now handling font encoding U ...
... no UTF-8 mapping file for font encoding U
   defining Unicode char U+00A9 (decimal 169)
   defining Unicode char U+00AA (decimal 170)
   defining Unicode char U+00AE (decimal 174)
   defining Unicode char U+00BA (decimal 186)
   defining Unicode char U+02C6 (decimal 710)
   defining Unicode char U+02DC (decimal 732)
   defining Unicode char U+200C (decimal 8204)
   defining Unicode char U+2026 (decimal 8230)
   defining Unicode char U+2122 (decimal 8482)
   defining Unicode char U+2423 (decimal 9251)
))
(/home/afradin/texlive/2017/texmf-dist/tex/latex/lm/lmodern.sty
Package: lmodern 2009/10/30 v1.6 Latin Modern Fonts
LaTeX Font Info:    Overwriting symbol font `operators' in version `normal'
(Font)                  OT1/cmr/m/n --> OT1/lmr/m/n on input line 22.
LaTeX Font Info:    Overwriting symbol font `letters' in version `normal'
(Font)                  OML/cmm/m/it --> OML/lmm/m/it on input line 23.
LaTeX Font Info:    Overwriting symbol font `symbols' in version `normal'
(Font)                  OMS/cmsy/m/n --> OMS/lmsy/m/n on input line 24.
LaTeX Font Info:    Overwriting symbol font `largesymbols' in version `normal'
(Font)                  OMX/cmex/m/n --> OMX/lmex/m/n on input line 25.
LaTeX Font Info:    Overwriting symbol font `operators' in version `bold'
(Font)                  OT1/cmr/bx/n --> OT1/lmr/bx/n on input line 26.
LaTeX Font Info:    Overwriting symbol font `letters' in version `bold'
(Font)                  OML/cmm/b/it --> OML/lmm/b/it on input line 27.
LaTeX Font Info:    Overwriting symbol font `symbols' in version `bold'
(Font)                  OMS/cmsy/b/n --> OMS/lmsy/b/n on input line 28.
LaTeX Font Info:    Overwriting symbol font `largesymbols' in version `bold'
(Font)                  OMX/cmex/m/n --> OMX/lmex/m/n on input line 29.
LaTeX Font Info:    Overwriting math alphabet `\mathbf' in version `normal'
(Font)                  OT1/cmr/bx/n --> OT1/lmr/bx/n on input line 31.
LaTeX Font Info:    Overwriting math alphabet `\mathsf' in version `normal'
(Font)                  OT1/cmss/m/n --> OT1/lmss/m/n on input line 32.
LaTeX Font Info:    Overwriting math alphabet `\mathit' in version `normal'
(Font)                  OT1/cmr/m/it --> OT1/lmr/m/it on input line 33.
LaTeX Font Info:    Overwriting math alphabet `\mathtt' in version `normal'
(Font)                  OT1/cmtt/m/n --> OT1/lmtt/m/n on input line 34.
LaTeX Font Info:    Overwriting math alphabet `\mathbf' in version `bold'
(Font)                  OT1/cmr/bx/n --> OT1/lmr/bx/n on input line 35.
LaTeX Font Info:    Overwriting math alphabet `\mathsf' in version `bold'
(Font)                  OT1/cmss/bx/n --> OT1/lmss/bx/n on input line 36.
LaTeX Font Info:    Overwriting math alphabet `\mathit' in version `bold'
(Font)                  OT1/cmr/bx/it --> OT1/lmr/bx/it on input line 37.
LaTeX Font Info:    Overwriting math alphabet `\mathtt' in version `bold'
(Font)                  OT1/cmtt/m/n --> OT1/lmtt/m/n on input line 38.
)
(/home/afradin/texlive/2017/texmf-dist/tex/latex/geometry/geometry.sty
Package: geometry 2010/09/12 v5.6 Page Geometry

(/home/afradin/texlive/2017/texmf-dist/tex/latex/graphics/keyval.sty
Package: keyval 2014/10/28 v1.15 key=value parser (DPC)
\KV@toks@=\toks16
)
(/home/afradin/texlive/2017/texmf-dist/tex/generic/oberdiek/ifpdf.sty
Package: ifpdf 2017/03/15 v3.2 Provides the ifpdf switch
)
(/home/afradin/texlive/2017/texmf-dist/tex/generic/oberdiek/ifvtex.sty
Package: ifvtex 2016/05/16 v1.6 Detect VTeX and its facilities (HO)
Package ifvtex Info: VTeX not detected.
)
(/home/afradin/texlive/2017/texmf-dist/tex/generic/ifxetex/ifxetex.sty
Package: ifxetex 2010/09/12 v0.6 Provides ifxetex conditional
)
\Gm@cnth=\count87
\Gm@cntv=\count88
\c@Gm@tempcnt=\count89
\Gm@bindingoffset=\dimen103
\Gm@wd@mp=\dimen104
\Gm@odd@mp=\dimen105
\Gm@even@mp=\dimen106
\Gm@layoutwidth=\dimen107
\Gm@layoutheight=\dimen108
\Gm@layouthoffset=\dimen109
\Gm@layoutvoffset=\dimen110
\Gm@dimlist=\toks17
)
(/home/afradin/texlive/2017/texmf-dist/tex/latex/minted/minted.sty
Package: minted 2017/07/19 v2.5 Yet another Pygments shim for LaTeX

(/home/afradin/texlive/2017/texmf-dist/tex/latex/oberdiek/kvoptions.sty
Package: kvoptions 2016/05/16 v3.12 Key value format for package options (HO)

(/home/afradin/texlive/2017/texmf-dist/tex/generic/oberdiek/ltxcmds.sty
Package: ltxcmds 2016/05/16 v1.23 LaTeX kernel commands for general use (HO)
)
(/home/afradin/texlive/2017/texmf-dist/tex/generic/oberdiek/kvsetkeys.sty
Package: kvsetkeys 2016/05/16 v1.17 Key value parser (HO)

(/home/afradin/texlive/2017/texmf-dist/tex/generic/oberdiek/infwarerr.sty
Package: infwarerr 2016/05/16 v1.4 Providing info/warning/error messages (HO)
)
(/home/afradin/texlive/2017/texmf-dist/tex/generic/oberdiek/etexcmds.sty
Package: etexcmds 2016/05/16 v1.6 Avoid name clashes with e-TeX commands (HO)

(/home/afradin/texlive/2017/texmf-dist/tex/generic/oberdiek/ifluatex.sty
Package: ifluatex 2016/05/16 v1.4 Provides the ifluatex switch (HO)
Package ifluatex Info: LuaTeX not detected.
)
Package etexcmds Info: Could not find \expanded.
(etexcmds)             That can mean that you are not using pdfTeX 1.50 or
(etexcmds)             that some package has redefined \expanded.
(etexcmds)             In the latter case, load this package earlier.
)))
(/home/afradin/texlive/2017/texmf-dist/tex/latex/fvextra/fvextra.sty
Package: fvextra 2017/07/08 v1.3.1 fvextra - extensions and patches for fancyvr
b

(/home/afradin/texlive/2017/texmf-dist/tex/latex/base/ifthen.sty
Package: ifthen 2014/09/29 v1.1c Standard LaTeX ifthen package (DPC)
)
(/home/afradin/texlive/2017/texmf-dist/tex/latex/etoolbox/etoolbox.sty
Package: etoolbox 2017/01/02 v2.4 e-TeX tools for LaTeX (JAW)
\etb@tempcnta=\count90
)
(/home/afradin/texlive/2017/texmf-dist/tex/latex/fancyvrb/fancyvrb.sty
Package: fancyvrb 2008/02/07

Style option: `fancyvrb' v2.7a, with DG/SPQR fixes, and firstline=lastline fix 
<2008/02/07> (tvz)
\FV@CodeLineNo=\count91
\FV@InFile=\read1
\FV@TabBox=\box26
\c@FancyVerbLine=\count92
\FV@StepNumber=\count93
\FV@OutFile=\write3
)
(/home/afradin/texlive/2017/texmf-dist/tex/latex/upquote/upquote.sty
Package: upquote 2012/04/19 v1.3 upright-quote and grave-accent glyphs in verba
tim

(/home/afradin/texlive/2017/texmf-dist/tex/latex/base/textcomp.sty
Package: textcomp 2017/04/05 v2.0i Standard LaTeX package
Package textcomp Info: Sub-encoding information:
(textcomp)               5 = only ISO-Adobe without \textcurrency
(textcomp)               4 = 5 + \texteuro
(textcomp)               3 = 4 + \textohm
(textcomp)               2 = 3 + \textestimated + \textcurrency
(textcomp)               1 = TS1 - \textcircled - \t
(textcomp)               0 = TS1 (full)
(textcomp)             Font families with sub-encoding setting implement
(textcomp)             only a restricted character set as indicated.
(textcomp)             Family '?' is the default used for unknown fonts.
(textcomp)             See the documentation for details.
Package textcomp Info: Setting ? sub-encoding to TS1/1 on input line 79.

(/home/afradin/texlive/2017/texmf-dist/tex/latex/base/ts1enc.def
File: ts1enc.def 2001/06/05 v3.0e (jk/car/fm) Standard LaTeX file
Now handling font encoding TS1 ...
... processing UTF-8 mapping file for font encoding TS1

(/home/afradin/texlive/2017/texmf-dist/tex/latex/base/ts1enc.dfu
File: ts1enc.dfu 2017/01/28 v1.1t UTF-8 support for inputenc
   defining Unicode char U+00A2 (decimal 162)
   defining Unicode char U+00A3 (decimal 163)
   defining Unicode char U+00A4 (decimal 164)
   defining Unicode char U+00A5 (decimal 165)
   defining Unicode char U+00A6 (decimal 166)
   defining Unicode char U+00A7 (decimal 167)
   defining Unicode char U+00A8 (decimal 168)
   defining Unicode char U+00A9 (decimal 169)
   defining Unicode char U+00AA (decimal 170)
   defining Unicode char U+00AC (decimal 172)
   defining Unicode char U+00AE (decimal 174)
   defining Unicode char U+00AF (decimal 175)
   defining Unicode char U+00B0 (decimal 176)
   defining Unicode char U+00B1 (decimal 177)
   defining Unicode char U+00B2 (decimal 178)
   defining Unicode char U+00B3 (decimal 179)
   defining Unicode char U+00B4 (decimal 180)
   defining Unicode char U+00B5 (decimal 181)
   defining Unicode char U+00B6 (decimal 182)
   defining Unicode char U+00B7 (decimal 183)
   defining Unicode char U+00B9 (decimal 185)
   defining Unicode char U+00BA (decimal 186)
   defining Unicode char U+00BC (decimal 188)
   defining Unicode char U+00BD (decimal 189)
   defining Unicode char U+00BE (decimal 190)
   defining Unicode char U+00D7 (decimal 215)
   defining Unicode char U+00F7 (decimal 247)
   defining Unicode char U+0192 (decimal 402)
   defining Unicode char U+02C7 (decimal 711)
   defining Unicode char U+02D8 (decimal 728)
   defining Unicode char U+02DD (decimal 733)
   defining Unicode char U+0E3F (decimal 3647)
   defining Unicode char U+2016 (decimal 8214)
   defining Unicode char U+2020 (decimal 8224)
   defining Unicode char U+2021 (decimal 8225)
   defining Unicode char U+2022 (decimal 8226)
   defining Unicode char U+2030 (decimal 8240)
   defining Unicode char U+2031 (decimal 8241)
   defining Unicode char U+203B (decimal 8251)
   defining Unicode char U+203D (decimal 8253)
   defining Unicode char U+2044 (decimal 8260)
   defining Unicode char U+204E (decimal 8270)
   defining Unicode char U+2052 (decimal 8274)
   defining Unicode char U+20A1 (decimal 8353)
   defining Unicode char U+20A4 (decimal 8356)
   defining Unicode char U+20A6 (decimal 8358)
   defining Unicode char U+20A9 (decimal 8361)
   defining Unicode char U+20AB (decimal 8363)
   defining Unicode char U+20AC (decimal 8364)
   defining Unicode char U+20B1 (decimal 8369)
   defining Unicode char U+2103 (decimal 8451)
   defining Unicode char U+2116 (decimal 8470)
   defining Unicode char U+2117 (decimal 8471)
   defining Unicode char U+211E (decimal 8478)
   defining Unicode char U+2120 (decimal 8480)
   defining Unicode char U+2122 (decimal 8482)
   defining Unicode char U+2126 (decimal 8486)
   defining Unicode char U+2127 (decimal 8487)
   defining Unicode char U+212E (decimal 8494)
   defining Unicode char U+2190 (decimal 8592)
   defining Unicode char U+2191 (decimal 8593)
   defining Unicode char U+2192 (decimal 8594)
   defining Unicode char U+2193 (decimal 8595)
   defining Unicode char U+2329 (decimal 9001)
   defining Unicode char U+232A (decimal 9002)
   defining Unicode char U+2422 (decimal 9250)
   defining Unicode char U+25E6 (decimal 9702)
   defining Unicode char U+25EF (decimal 9711)
   defining Unicode char U+266A (decimal 9834)
))
LaTeX Info: Redefining \oldstylenums on input line 334.
Package textcomp Info: Setting cmr sub-encoding to TS1/0 on input line 349.
Package textcomp Info: Setting cmss sub-encoding to TS1/0 on input line 350.
Package textcomp Info: Setting cmtt sub-encoding to TS1/0 on input line 351.
Package textcomp Info: Setting cmvtt sub-encoding to TS1/0 on input line 352.
Package textcomp Info: Setting cmbr sub-encoding to TS1/0 on input line 353.
Package textcomp Info: Setting cmtl sub-encoding to TS1/0 on input line 354.
Package textcomp Info: Setting ccr sub-encoding to TS1/0 on input line 355.
Package textcomp Info: Setting ptm sub-encoding to TS1/4 on input line 356.
Package textcomp Info: Setting pcr sub-encoding to TS1/4 on input line 357.
Package textcomp Info: Setting phv sub-encoding to TS1/4 on input line 358.
Package textcomp Info: Setting ppl sub-encoding to TS1/3 on input line 359.
Package textcomp Info: Setting pag sub-encoding to TS1/4 on input line 360.
Package textcomp Info: Setting pbk sub-encoding to TS1/4 on input line 361.
Package textcomp Info: Setting pnc sub-encoding to TS1/4 on input line 362.
Package textcomp Info: Setting pzc sub-encoding to TS1/4 on input line 363.
Package textcomp Info: Setting bch sub-encoding to TS1/4 on input line 364.
Package textcomp Info: Setting put sub-encoding to TS1/5 on input line 365.
Package textcomp Info: Setting uag sub-encoding to TS1/5 on input line 366.
Package textcomp Info: Setting ugq sub-encoding to TS1/5 on input line 367.
Package textcomp Info: Setting ul8 sub-encoding to TS1/4 on input line 368.
Package textcomp Info: Setting ul9 sub-encoding to TS1/4 on input line 369.
Package textcomp Info: Setting augie sub-encoding to TS1/5 on input line 370.
Package textcomp Info: Setting dayrom sub-encoding to TS1/3 on input line 371.
Package textcomp Info: Setting dayroms sub-encoding to TS1/3 on input line 372.

Package textcomp Info: Setting pxr sub-encoding to TS1/0 on input line 373.
Package textcomp Info: Setting pxss sub-encoding to TS1/0 on input line 374.
Package textcomp Info: Setting pxtt sub-encoding to TS1/0 on input line 375.
Package textcomp Info: Setting txr sub-encoding to TS1/0 on input line 376.
Package textcomp Info: Setting txss sub-encoding to TS1/0 on input line 377.
Package textcomp Info: Setting txtt sub-encoding to TS1/0 on input line 378.
Package textcomp Info: Setting lmr sub-encoding to TS1/0 on input line 379.
Package textcomp Info: Setting lmdh sub-encoding to TS1/0 on input line 380.
Package textcomp Info: Setting lmss sub-encoding to TS1/0 on input line 381.
Package textcomp Info: Setting lmssq sub-encoding to TS1/0 on input line 382.
Package textcomp Info: Setting lmvtt sub-encoding to TS1/0 on input line 383.
Package textcomp Info: Setting lmtt sub-encoding to TS1/0 on input line 384.
Package textcomp Info: Setting qhv sub-encoding to TS1/0 on input line 385.
Package textcomp Info: Setting qag sub-encoding to TS1/0 on input line 386.
Package textcomp Info: Setting qbk sub-encoding to TS1/0 on input line 387.
Package textcomp Info: Setting qcr sub-encoding to TS1/0 on input line 388.
Package textcomp Info: Setting qcs sub-encoding to TS1/0 on input line 389.
Package textcomp Info: Setting qpl sub-encoding to TS1/0 on input line 390.
Package textcomp Info: Setting qtm sub-encoding to TS1/0 on input line 391.
Package textcomp Info: Setting qzc sub-encoding to TS1/0 on input line 392.
Package textcomp Info: Setting qhvc sub-encoding to TS1/0 on input line 393.
Package textcomp Info: Setting futs sub-encoding to TS1/4 on input line 394.
Package textcomp Info: Setting futx sub-encoding to TS1/4 on input line 395.
Package textcomp Info: Setting futj sub-encoding to TS1/4 on input line 396.
Package textcomp Info: Setting hlh sub-encoding to TS1/3 on input line 397.
Package textcomp Info: Setting hls sub-encoding to TS1/3 on input line 398.
Package textcomp Info: Setting hlst sub-encoding to TS1/3 on input line 399.
Package textcomp Info: Setting hlct sub-encoding to TS1/5 on input line 400.
Package textcomp Info: Setting hlx sub-encoding to TS1/5 on input line 401.
Package textcomp Info: Setting hlce sub-encoding to TS1/5 on input line 402.
Package textcomp Info: Setting hlcn sub-encoding to TS1/5 on input line 403.
Package textcomp Info: Setting hlcw sub-encoding to TS1/5 on input line 404.
Package textcomp Info: Setting hlcf sub-encoding to TS1/5 on input line 405.
Package textcomp Info: Setting pplx sub-encoding to TS1/3 on input line 406.
Package textcomp Info: Setting pplj sub-encoding to TS1/3 on input line 407.
Package textcomp Info: Setting ptmx sub-encoding to TS1/4 on input line 408.
Package textcomp Info: Setting ptmj sub-encoding to TS1/4 on input line 409.
))
(/home/afradin/texlive/2017/texmf-dist/tex/latex/lineno/lineno.sty
Package: lineno 2005/11/02 line numbers on paragraphs v4.41
\linenopenalty=\count94
\output=\toks18
\linenoprevgraf=\count95
\linenumbersep=\dimen111
\linenumberwidth=\dimen112
\c@linenumber=\count96
\c@pagewiselinenumber=\count97
\c@LN@truepage=\count98
\c@internallinenumber=\count99
\c@internallinenumbers=\count100
\quotelinenumbersep=\dimen113
\bframerule=\dimen114
\bframesep=\dimen115
\bframebox=\box27
LaTeX Info: Redefining \\ on input line 3056.
)
\c@FV@TrueTabGroupLevel=\count101
\c@FV@TrueTabCounter=\count102
\FV@TabBox@Group=\box28
\FV@TmpLength=\skip43
\c@FV@HighlightLinesStart=\count103
\c@FV@HighlightLinesStop=\count104
\FV@LoopCount=\count105
\FV@NCharsBox=\box29
\FV@BreakIndent=\dimen116
\FV@BreakIndentNChars=\count106
\FV@BreakSymbolSepLeft=\dimen117
\FV@BreakSymbolSepLeftNChars=\count107
\FV@BreakSymbolSepRight=\dimen118
\FV@BreakSymbolSepRightNChars=\count108
\FV@BreakSymbolIndentLeft=\dimen119
\FV@BreakSymbolIndentLeftNChars=\count109
\FV@BreakSymbolIndentRight=\dimen120
\FV@BreakSymbolIndentRightNChars=\count110
\c@FancyVerbLineBreakLast=\count111
\FV@LineBox=\box30
\FV@LineIndentBox=\box31
)
(/home/afradin/texlive/2017/texmf-dist/tex/latex/tools/calc.sty
Package: calc 2014/10/28 v4.3 Infix arithmetic (KKT,FJ)
\calc@Acount=\count112
\calc@Bcount=\count113
\calc@Adimen=\dimen121
\calc@Bdimen=\dimen122
\calc@Askip=\skip44
\calc@Bskip=\skip45
LaTeX Info: Redefining \setlength on input line 80.
LaTeX Info: Redefining \addtolength on input line 81.
\calc@Ccount=\count114
\calc@Cskip=\skip46
)
(/home/afradin/texlive/2017/texmf-dist/tex/latex/tools/shellesc.sty
Package: shellesc 2016/06/07 v0.02a unified shell escape interface for LaTeX
Package shellesc Info: Unrestricted shell escape enabled on input line 67.
)
(/home/afradin/texlive/2017/texmf-dist/tex/latex/ifplatform/ifplatform.sty
Package: ifplatform 2010/10/22 v0.4 Testing for the operating system

(/home/afradin/texlive/2017/texmf-dist/tex/generic/oberdiek/pdftexcmds.sty
Package: pdftexcmds 2017/03/19 v0.25 Utility functions of pdfTeX for LuaTeX (HO
)
Package pdftexcmds Info: LuaTeX not detected.
Package pdftexcmds Info: \pdf@primitive is available.
Package pdftexcmds Info: \pdf@ifprimitive is available.
Package pdftexcmds Info: \pdfdraftmode found.
)
(/home/afradin/texlive/2017/texmf-dist/tex/generic/oberdiek/catchfile.sty
Package: catchfile 2016/05/16 v1.7 Catch the contents of a file (HO)
)
runsystem(uname -s > "VoituresMoyenne_ProductionFinale.w18")...executed.


(./VoituresMoyenne_ProductionFinale.w18)
runsystem(rm -- "VoituresMoyenne_ProductionFinale.w18")...executed.

)
(/home/afradin/texlive/2017/texmf-dist/tex/generic/xstring/xstring.sty
(/home/afradin/texlive/2017/texmf-dist/tex/generic/xstring/xstring.tex
\@xs@message=\write4
\integerpart=\count115
\decimalpart=\count116
)
Package: xstring 2013/10/13  v1.7c  String manipulations (C Tellechea)
)
(/home/afradin/texlive/2017/texmf-dist/tex/latex/framed/framed.sty
Package: framed 2011/10/22 v 0.96: framed or shaded text with page breaks
\OuterFrameSep=\skip47
\fb@frw=\dimen123
\fb@frh=\dimen124
\FrameRule=\dimen125
\FrameSep=\dimen126
)
(/home/afradin/texlive/2017/texmf-dist/tex/latex/float/float.sty
Package: float 2001/11/08 v1.3d Float enhancements (AL)
\c@float@type=\count117
\float@exts=\toks19
\float@box=\box32
\@float@everytoks=\toks20
\@floatcapt=\box33
)
\minted@appexistsfile=\read2
\minted@bgbox=\box34
\minted@code=\write5
\c@minted@FancyVerbLineTemp=\count118
\c@minted@pygmentizecounter=\count119
\@float@every@listing=\toks21
\c@listing=\count120
)
runsystem(mkdir -p _minted-VoituresMoyenne_ProductionFinale)...executed.


(/home/afradin/texlive/2017/texmf-dist/tex/latex/setspace/setspace.sty
Package: setspace 2011/12/19 v6.7a set line spacing
)
(/home/afradin/texlive/2017/texmf-dist/tex/latex/amsmath/amsmath.sty
Package: amsmath 2016/11/05 v2.16a AMS math features
\@mathmargin=\skip48

For additional information on amsmath, use the `?' option.
(/home/afradin/texlive/2017/texmf-dist/tex/latex/amsmath/amstext.sty
Package: amstext 2000/06/29 v2.01 AMS text

(/home/afradin/texlive/2017/texmf-dist/tex/latex/amsmath/amsgen.sty
File: amsgen.sty 1999/11/30 v2.0 generic functions
\@emptytoks=\toks22
\ex@=\dimen127
))
(/home/afradin/texlive/2017/texmf-dist/tex/latex/amsmath/amsbsy.sty
Package: amsbsy 1999/11/29 v1.2d Bold Symbols
\pmbraise@=\dimen128
)
(/home/afradin/texlive/2017/texmf-dist/tex/latex/amsmath/amsopn.sty
Package: amsopn 2016/03/08 v2.02 operator names
)
\inf@bad=\count121
LaTeX Info: Redefining \frac on input line 213.
\uproot@=\count122
\leftroot@=\count123
LaTeX Info: Redefining \overline on input line 375.
\classnum@=\count124
\DOTSCASE@=\count125
LaTeX Info: Redefining \ldots on input line 472.
LaTeX Info: Redefining \dots on input line 475.
LaTeX Info: Redefining \cdots on input line 596.
\Mathstrutbox@=\box35
\strutbox@=\box36
\big@size=\dimen129
LaTeX Font Info:    Redeclaring font encoding OML on input line 712.
LaTeX Font Info:    Redeclaring font encoding OMS on input line 713.
\macc@depth=\count126
\c@MaxMatrixCols=\count127
\dotsspace@=\muskip10
\c@parentequation=\count128
\dspbrk@lvl=\count129
\tag@help=\toks23
\row@=\count130
\column@=\count131
\maxfields@=\count132
\andhelp@=\toks24
\eqnshift@=\dimen130
\alignsep@=\dimen131
\tagshift@=\dimen132
\tagwidth@=\dimen133
\totwidth@=\dimen134
\lineht@=\dimen135
\@envbody=\toks25
\multlinegap=\skip49
\multlinetaggap=\skip50
\mathdisplay@stack=\toks26
LaTeX Info: Redefining \[ on input line 2817.
LaTeX Info: Redefining \] on input line 2818.
)
(/home/afradin/texlive/2017/texmf-dist/tex/latex/amsfonts/amssymb.sty
Package: amssymb 2013/01/14 v3.01 AMS font symbols

(/home/afradin/texlive/2017/texmf-dist/tex/latex/amsfonts/amsfonts.sty
Package: amsfonts 2013/01/14 v3.01 Basic AMSFonts support
\symAMSa=\mathgroup4
\symAMSb=\mathgroup5
LaTeX Font Info:    Overwriting math alphabet `\mathfrak' in version `bold'
(Font)                  U/euf/m/n --> U/euf/b/n on input line 106.
))
(/home/afradin/texlive/2017/texmf-dist/tex/latex/cancel/cancel.sty
Package: cancel 2013/04/12 v2.2 Cancel math terms
)
(/home/afradin/texlive/2017/texmf-dist/tex/latex/multirow/multirow.sty
Package: multirow 2016/11/25 v2.2 Span multiple rows of a table
\multirow@colwidth=\skip51
\multirow@cntb=\count133
\multirow@dima=\skip52
\bigstrutjot=\dimen136
)
(/home/afradin/texlive/2017/texmf-dist/tex/latex/oberdiek/centernot.sty
Package: centernot 2016/05/16 v1.4 Centers the not symbol horizontally (HO)
)
(/home/afradin/texlive/2017/texmf-dist/tex/latex/footmisc/footmisc.sty
Package: footmisc 2011/06/06 v5.5b a miscellany of footnote facilities
\FN@temptoken=\toks27
\footnotemargin=\dimen137
\c@pp@next@reset=\count134
Package footmisc Info: Declaring symbol style bringhurst on input line 855.
Package footmisc Info: Declaring symbol style chicago on input line 863.
Package footmisc Info: Declaring symbol style wiley on input line 872.
Package footmisc Info: Declaring symbol style lamport-robust on input line 883.

Package footmisc Info: Declaring symbol style lamport* on input line 903.
Package footmisc Info: Declaring symbol style lamport*-robust on input line 924
.
)
(/home/afradin/texlive/2017/texmf-dist/tex/latex/hyperref/hyperref.sty
Package: hyperref 2017/03/14 v6.85a Hypertext links for LaTeX

(/home/afradin/texlive/2017/texmf-dist/tex/generic/oberdiek/hobsub-hyperref.sty
Package: hobsub-hyperref 2016/05/16 v1.14 Bundle oberdiek, subset hyperref (HO)

(/home/afradin/texlive/2017/texmf-dist/tex/generic/oberdiek/hobsub-generic.sty
Package: hobsub-generic 2016/05/16 v1.14 Bundle oberdiek, subset generic (HO)
Package: hobsub 2016/05/16 v1.14 Construct package bundles (HO)
Package hobsub Info: Skipping package `infwarerr' (already loaded).
Package hobsub Info: Skipping package `ltxcmds' (already loaded).
Package hobsub Info: Skipping package `ifluatex' (already loaded).
Package hobsub Info: Skipping package `ifvtex' (already loaded).
Package: intcalc 2016/05/16 v1.2 Expandable calculations with integers (HO)
Package hobsub Info: Skipping package `ifpdf' (already loaded).
Package hobsub Info: Skipping package `etexcmds' (already loaded).
Package hobsub Info: Skipping package `kvsetkeys' (already loaded).
Package: kvdefinekeys 2016/05/16 v1.4 Define keys (HO)
Package hobsub Info: Skipping package `pdftexcmds' (already loaded).
Package: pdfescape 2016/05/16 v1.14 Implements pdfTeX's escape features (HO)
Package: bigintcalc 2016/05/16 v1.4 Expandable calculations on big integers (HO
)
Package: bitset 2016/05/16 v1.2 Handle bit-vector datatype (HO)
Package: uniquecounter 2016/05/16 v1.3 Provide unlimited unique counter (HO)
)
Package hobsub Info: Skipping package `hobsub' (already loaded).
Package: letltxmacro 2016/05/16 v1.5 Let assignment for LaTeX macros (HO)
Package: hopatch 2016/05/16 v1.3 Wrapper for package hooks (HO)
Package: xcolor-patch 2016/05/16 xcolor patch
Package: atveryend 2016/05/16 v1.9 Hooks at the very end of document (HO)
Package: atbegshi 2016/06/09 v1.18 At begin shipout hook (HO)
Package: refcount 2016/05/16 v3.5 Data extraction from label references (HO)
Package: hycolor 2016/05/16 v1.8 Color options for hyperref/bookmark (HO)
) (/home/afradin/texlive/2017/texmf-dist/tex/latex/oberdiek/auxhook.sty
Package: auxhook 2016/05/16 v1.4 Hooks for auxiliary files (HO)
)
\@linkdim=\dimen138
\Hy@linkcounter=\count135
\Hy@pagecounter=\count136

(/home/afradin/texlive/2017/texmf-dist/tex/latex/hyperref/pd1enc.def
File: pd1enc.def 2017/03/14 v6.85a Hyperref: PDFDocEncoding definition (HO)
Now handling font encoding PD1 ...
... no UTF-8 mapping file for font encoding PD1
)
\Hy@SavedSpaceFactor=\count137

(/home/afradin/texlive/2017/texmf-dist/tex/latex/latexconfig/hyperref.cfg
File: hyperref.cfg 2002/06/06 v1.2 hyperref configuration of TeXLive
)
Package hyperref Info: Hyper figures OFF on input line 4498.
Package hyperref Info: Link nesting OFF on input line 4503.
Package hyperref Info: Hyper index ON on input line 4506.
Package hyperref Info: Plain pages OFF on input line 4513.
Package hyperref Info: Backreferencing OFF on input line 4518.
Package hyperref Info: Implicit mode ON; LaTeX internals redefined.
Package hyperref Info: Bookmarks ON on input line 4751.
\c@Hy@tempcnt=\count138

(/home/afradin/texlive/2017/texmf-dist/tex/latex/url/url.sty
\Urlmuskip=\muskip11
Package: url 2013/09/16  ver 3.4  Verb mode for urls, etc.
)
LaTeX Info: Redefining \url on input line 5104.
\XeTeXLinkMargin=\dimen139
\Fld@menulength=\count139
\Field@Width=\dimen140
\Fld@charsize=\dimen141
Package hyperref Info: Hyper figures OFF on input line 6358.
Package hyperref Info: Link nesting OFF on input line 6363.
Package hyperref Info: Hyper index ON on input line 6366.
Package hyperref Info: backreferencing OFF on input line 6373.
Package hyperref Info: Link coloring OFF on input line 6378.
Package hyperref Info: Link coloring with OCG OFF on input line 6383.
Package hyperref Info: PDF/A mode OFF on input line 6388.
LaTeX Info: Redefining \ref on input line 6428.
LaTeX Info: Redefining \pageref on input line 6432.
\Hy@abspage=\count140
\c@Item=\count141
\c@Hfootnote=\count142
)

Package hyperref Message: Driver (autodetected): hpdftex.

(/home/afradin/texlive/2017/texmf-dist/tex/latex/hyperref/hpdftex.def
File: hpdftex.def 2017/03/14 v6.85a Hyperref driver for pdfTeX
\Fld@listcount=\count143
\c@bookmark@seq@number=\count144

(/home/afradin/texlive/2017/texmf-dist/tex/latex/oberdiek/rerunfilecheck.sty
Package: rerunfilecheck 2016/05/16 v1.8 Rerun checks for auxiliary files (HO)
Package uniquecounter Info: New unique counter `rerunfilecheck' on input line 2
82.
)
\Hy@SectionHShift=\skip53
)
(/home/afradin/texlive/2017/texmf-dist/tex/latex/graphics/graphicx.sty
Package: graphicx 2017/06/01 v1.1a Enhanced LaTeX Graphics (DPC,SPQR)

(/home/afradin/texlive/2017/texmf-dist/tex/latex/graphics/graphics.sty
Package: graphics 2017/06/25 v1.2c Standard LaTeX Graphics (DPC,SPQR)

(/home/afradin/texlive/2017/texmf-dist/tex/latex/graphics/trig.sty
Package: trig 2016/01/03 v1.10 sin cos tan (DPC)
)
(/home/afradin/texlive/2017/texmf-dist/tex/latex/graphics-cfg/graphics.cfg
File: graphics.cfg 2016/06/04 v1.11 sample graphics configuration
)
Package graphics Info: Driver file: pdftex.def on input line 99.

(/home/afradin/texlive/2017/texmf-dist/tex/latex/graphics-def/pdftex.def
File: pdftex.def 2017/06/24 v1.0g Graphics/color driver for pdftex
))
\Gin@req@height=\dimen142
\Gin@req@width=\dimen143
)
(/home/afradin/texlive/2017/texmf-dist/tex/latex/listings/listings.sty
\lst@mode=\count145
\lst@gtempboxa=\box37
\lst@token=\toks28
\lst@length=\count146
\lst@currlwidth=\dimen144
\lst@column=\count147
\lst@pos=\count148
\lst@lostspace=\dimen145
\lst@width=\dimen146
\lst@newlines=\count149
\lst@lineno=\count150
\lst@maxwidth=\dimen147

(/home/afradin/texlive/2017/texmf-dist/tex/latex/listings/lstmisc.sty
File: lstmisc.sty 2015/06/04 1.6 (Carsten Heinz)
\c@lstnumber=\count151
\lst@skipnumbers=\count152
\lst@framebox=\box38
)
(/home/afradin/texlive/2017/texmf-dist/tex/latex/listings/listings.cfg
File: listings.cfg 2015/06/04 1.6 listings configuration
))
Package: listings 2015/06/04 1.6 (Carsten Heinz)

(/home/afradin/texlive/2017/texmf-dist/tex/latex/caption/caption.sty
Package: caption 2016/02/21 v3.3-144 Customizing captions (AR)

(/home/afradin/texlive/2017/texmf-dist/tex/latex/caption/caption3.sty
Package: caption3 2016/05/22 v1.7-166 caption3 kernel (AR)
Package caption3 Info: TeX engine: e-TeX on input line 67.
\captionmargin=\dimen148
\captionmargin@=\dimen149
\captionwidth=\dimen150
\caption@tempdima=\dimen151
\caption@indent=\dimen152
\caption@parindent=\dimen153
\caption@hangindent=\dimen154
)
\c@ContinuedFloat=\count153
Package caption Info: float package is loaded.
Package caption Info: hyperref package is loaded.
Package caption Info: listings package is loaded.
)
(/home/afradin/texlive/2017/texmf-dist/tex/generic/babel/babel.sty
Package: babel 2017/06/29 3.12 The Babel package

(/home/afradin/texlive/2017/texmf-dist/tex/generic/babel/switch.def
File: switch.def 2017/06/29 3.12 Babel switching mechanism
)
(/home/afradin/texlive/2017/texmf-dist/tex/generic/babel-french/frenchb.ldf
Language: frenchb 2017/07/08 v3.3b French support from the babel system


Package babel-french Warning: Option `francais' for Babel is *deprecated*,
(babel-french)                it might be removed sooner or later. Please
(babel-french)                use `french' instead; reported on input line 45.

(/home/afradin/texlive/2017/texmf-dist/tex/generic/babel-french/french.ldf
Language: french 2017/07/08 v3.3b French support from the babel system

(/home/afradin/texlive/2017/texmf-dist/tex/generic/babel/babel.def
File: babel.def 2017/06/29 3.12 Babel common definitions

(/home/afradin/texlive/2017/texmf-dist/tex/generic/babel/switch.def
File: switch.def 2017/06/29 3.12 Babel switching mechanism
)
\babel@savecnt=\count154
\U@D=\dimen155
)
\FB@nonchar=\count155
\FBcolonsp=\toks29
\FBthinsp=\toks30
Package babel Info: Making : an active character on input line 321.
Package babel Info: Making ; an active character on input line 322.
Package babel Info: Making ! an active character on input line 323.
Package babel Info: Making ? an active character on input line 324.
\FBguillsp=\toks31
\FBguill@level=\count156
\FB@everypar=\toks32
\FB@Mht=\dimen156
\mc@charclass=\count157
\mc@charfam=\count158
\mc@charslot=\count159
\std@mcc=\count160
\dec@mcc=\count161


Package french.ldf Warning: Please load the "caption" package
(french.ldf)                AFTER babel/frenchb; reported on input line 892.


Package french.ldf Warning: Please load the "listings" package
(french.ldf)                AFTER babel/frenchb; reported on input line 947.

\listindentFB=\skip54
\descindentFB=\skip55
\labelwidthFB=\skip56
\leftmarginFB=\skip57
\parindentFFN=\dimen157
\FBfnindent=\skip58
))) (/home/afradin/texlive/2017/texmf-dist/tex/latex/carlisle/scalefnt.sty)
(/home/afradin/texlive/2017/texmf-dist/tex/latex/xcolor/xcolor.sty
Package: xcolor 2016/05/11 v2.12 LaTeX color extensions (UK)

(/home/afradin/texlive/2017/texmf-dist/tex/latex/graphics-cfg/color.cfg
File: color.cfg 2016/01/02 v1.6 sample color configuration
)
Package xcolor Info: Driver file: pdftex.def on input line 225.
Package xcolor Info: Model `cmy' substituted by `cmy0' on input line 1348.
Package xcolor Info: Model `hsb' substituted by `rgb' on input line 1352.
Package xcolor Info: Model `RGB' extended on input line 1364.
Package xcolor Info: Model `HTML' substituted by `rgb' on input line 1366.
Package xcolor Info: Model `Hsb' substituted by `hsb' on input line 1367.
Package xcolor Info: Model `tHsb' substituted by `hsb' on input line 1368.
Package xcolor Info: Model `HSB' substituted by `hsb' on input line 1369.
Package xcolor Info: Model `Gray' substituted by `gray' on input line 1370.
Package xcolor Info: Model `wave' substituted by `hsb' on input line 1371.
)
runsystem(which pygmentize && touch VoituresMoyenne_ProductionFinale.aex)...exe
cuted.

runsystem(rm VoituresMoyenne_ProductionFinale.aex)...executed.


(./VoituresMoyenne_ProductionFinale.aux)
\openout1 = `VoituresMoyenne_ProductionFinale.aux'.

LaTeX Font Info:    Checking defaults for OML/cmm/m/it on input line 26.
LaTeX Font Info:    ... okay on input line 26.
LaTeX Font Info:    Checking defaults for T1/cmr/m/n on input line 26.
LaTeX Font Info:    ... okay on input line 26.
LaTeX Font Info:    Checking defaults for OT1/cmr/m/n on input line 26.
LaTeX Font Info:    ... okay on input line 26.
LaTeX Font Info:    Checking defaults for OMS/cmsy/m/n on input line 26.
LaTeX Font Info:    ... okay on input line 26.
LaTeX Font Info:    Checking defaults for OMX/cmex/m/n on input line 26.
LaTeX Font Info:    ... okay on input line 26.
LaTeX Font Info:    Checking defaults for U/cmr/m/n on input line 26.
LaTeX Font Info:    ... okay on input line 26.
LaTeX Font Info:    Checking defaults for TS1/cmr/m/n on input line 26.
LaTeX Font Info:    Try loading font information for TS1+cmr on input line 26.

(/home/afradin/texlive/2017/texmf-dist/tex/latex/base/ts1cmr.fd
File: ts1cmr.fd 2014/09/29 v2.5h Standard LaTeX font definitions
)
LaTeX Font Info:    ... okay on input line 26.
LaTeX Font Info:    Checking defaults for PD1/pdf/m/n on input line 26.
LaTeX Font Info:    ... okay on input line 26.
LaTeX Font Info:    Try loading font information for T1+lmr on input line 26.

(/home/afradin/texlive/2017/texmf-dist/tex/latex/lm/t1lmr.fd
File: t1lmr.fd 2009/10/30 v1.6 Font defs for Latin Modern
)
*geometry* driver: auto-detecting
*geometry* detected driver: pdftex
*geometry* verbose mode - [ preamble ] result:
* driver: pdftex
* paper: a4paper
* layout: <same size as paper>
* layoutoffset:(h,v)=(0.0pt,0.0pt)
* modes: 
* h-part:(L,W,R)=(42.67912pt, 512.14963pt, 42.67912pt)
* v-part:(T,H,B)=(42.67912pt, 759.6886pt, 42.67912pt)
* \paperwidth=597.50787pt
* \paperheight=845.04684pt
* \textwidth=512.14963pt
* \textheight=759.6886pt
* \oddsidemargin=-29.59087pt
* \evensidemargin=-29.59087pt
* \topmargin=-66.59087pt
* \headheight=12.0pt
* \headsep=25.0pt
* \topskip=11.0pt
* \footskip=30.0pt
* \marginparwidth=50.0pt
* \marginparsep=10.0pt
* \columnsep=10.0pt
* \skip\footins=10.0pt plus 4.0pt minus 2.0pt
* \hoffset=0.0pt
* \voffset=0.0pt
* \mag=1000
* \@twocolumnfalse
* \@twosidefalse
* \@mparswitchfalse
* \@reversemarginfalse
* (1in=72.27pt=25.4mm, 1cm=28.453pt)

\AtBeginShipoutBox=\box39
Package hyperref Info: Link coloring OFF on input line 26.
(/home/afradin/texlive/2017/texmf-dist/tex/latex/hyperref/nameref.sty
Package: nameref 2016/05/21 v2.44 Cross-referencing by name of section

(/home/afradin/texlive/2017/texmf-dist/tex/generic/oberdiek/gettitlestring.sty
Package: gettitlestring 2016/05/16 v1.5 Cleanup title references (HO)
)
\c@section@level=\count162
)
LaTeX Info: Redefining \ref on input line 26.
LaTeX Info: Redefining \pageref on input line 26.
LaTeX Info: Redefining \nameref on input line 26.
 (./VoituresMoyenne_ProductionFinale.out)
(./VoituresMoyenne_ProductionFinale.out)
\@outlinefile=\write6
\openout6 = `VoituresMoyenne_ProductionFinale.out'.


(/home/afradin/texlive/2017/texmf-dist/tex/context/base/mkii/supp-pdf.mkii
[Loading MPS to PDF converter (version 2006.09.02).]
\scratchcounter=\count163
\scratchdimen=\dimen158
\scratchbox=\box40
\nofMPsegments=\count164
\nofMParguments=\count165
\everyMPshowfont=\toks33
\MPscratchCnt=\count166
\MPscratchDim=\dimen159
\MPnumerator=\count167
\makeMPintoPDFobject=\count168
\everyMPtoPDFconversion=\toks34
) (/home/afradin/texlive/2017/texmf-dist/tex/latex/oberdiek/epstopdf-base.sty
Package: epstopdf-base 2016/05/15 v2.6 Base part for package epstopdf

(/home/afradin/texlive/2017/texmf-dist/tex/latex/oberdiek/grfext.sty
Package: grfext 2016/05/16 v1.2 Manage graphics extensions (HO)
)
Package epstopdf-base Info: Redefining graphics rule for `.eps' on input line 4
38.
Package grfext Info: Graphics extension search list:
(grfext)             [.pdf,.png,.jpg,.mps,.jpeg,.jbig2,.jb2,.PDF,.PNG,.JPG,.JPE
G,.JBIG2,.JB2,.eps]
(grfext)             \AppendGraphicsExtensions on input line 456.

(/home/afradin/texlive/2017/texmf-dist/tex/latex/latexconfig/epstopdf-sys.cfg
File: epstopdf-sys.cfg 2010/07/13 v1.3 Configuration of (r)epstopdf for TeX Liv
e
))
\c@lstlisting=\count169
Package caption Info: Begin \AtBeginDocument code.
Package caption Info: End \AtBeginDocument code.
LaTeX Info: Redefining \degres on input line 26.
LaTeX Info: Redefining \dots on input line 26.
LaTeX Info: Redefining \up on input line 26.
\c@def=\count170
LaTeX Font Info:    Try loading font information for OT1+lmr on input line 44.
(/home/afradin/texlive/2017/texmf-dist/tex/latex/lm/ot1lmr.fd
File: ot1lmr.fd 2009/10/30 v1.6 Font defs for Latin Modern
)
LaTeX Font Info:    Try loading font information for OML+lmm on input line 44.

(/home/afradin/texlive/2017/texmf-dist/tex/latex/lm/omllmm.fd
File: omllmm.fd 2009/10/30 v1.6 Font defs for Latin Modern
)
LaTeX Font Info:    Try loading font information for OMS+lmsy on input line 44.


(/home/afradin/texlive/2017/texmf-dist/tex/latex/lm/omslmsy.fd
File: omslmsy.fd 2009/10/30 v1.6 Font defs for Latin Modern
)
LaTeX Font Info:    Try loading font information for OMX+lmex on input line 44.


(/home/afradin/texlive/2017/texmf-dist/tex/latex/lm/omxlmex.fd
File: omxlmex.fd 2009/10/30 v1.6 Font defs for Latin Modern
)
LaTeX Font Info:    External font `lmex10' loaded for size
(Font)              <8> on input line 44.
LaTeX Font Info:    External font `lmex10' loaded for size
(Font)              <6> on input line 44.
LaTeX Font Info:    External font `lmex10' loaded for size
(Font)              <5> on input line 44.
LaTeX Font Info:    Try loading font information for U+msa on input line 44.

(/home/afradin/texlive/2017/texmf-dist/tex/latex/amsfonts/umsa.fd
File: umsa.fd 2013/01/14 v3.01 AMS symbols A
)
LaTeX Font Info:    Try loading font information for U+msb on input line 44.

(/home/afradin/texlive/2017/texmf-dist/tex/latex/amsfonts/umsb.fd
File: umsb.fd 2013/01/14 v3.01 AMS symbols B
)
LaTeX Font Info:    External font `lmex10' loaded for size
(Font)              <10.95> on input line 69.
LaTeX Font Info:    External font `lmex10' loaded for size
(Font)              <9> on input line 77.

(./VoituresMoyenne_ProductionFinale.toc)
\tf@toc=\write7
\openout7 = `VoituresMoyenne_ProductionFinale.toc'.

 [1

{/home/afradin/texlive/2017/texmf-var/fonts/map/pdftex/updmap/pdftex.map}]
LaTeX Font Info:    External font `lmex10' loaded for size
(Font)              <10> on input line 94.
LaTeX Font Info:    External font `lmex10' loaded for size
(Font)              <7> on input line 94.
<fig1.pdf, id=138, pagebox=cropbox, 227.85126pt x 227.85126pt>
File: fig1.pdf Graphic file (type pdf)
<use fig1.pdf>
Package pdftex.def Info: fig1.pdf  used on input line 112. on input line 112.
Package pdftex.def Info: Requested size: 227.8507pt x 227.8507pt on input line 
112.


Package caption Warning: The option `hypcap=true' will be ignored for this
(caption)                particular \caption on input line 113.
See the caption package documentation for explanation.

<fig2.pdf, id=139, pagebox=cropbox, 227.85126pt x 227.85126pt>
File: fig2.pdf Graphic file (type pdf)
<use fig2.pdf>
Package pdftex.def Info: fig2.pdf  used on input line 121. on input line 121.
Package pdftex.def Info: Requested size: 227.8507pt x 227.8507pt on input line 
121.

Package caption Warning: The option `hypcap=true' will be ignored for this
(caption)                particular \caption on input line 122.
See the caption package documentation for explanation.

[2

 <./fig1.pdf>]
<fig3.pdf, id=153, pagebox=cropbox, 227.85126pt x 222.8325pt>
File: fig3.pdf Graphic file (type pdf)
<use fig3.pdf>
Package pdftex.def Info: fig3.pdf  used on input line 130. on input line 130.
Package pdftex.def Info: Requested size: 227.8507pt x 222.83195pt on input line
 130.


Package caption Warning: The option `hypcap=true' will be ignored for this
(caption)                particular \caption on input line 131.
See the caption package documentation for explanation.

\openout3 = `VoituresMoyenne_ProductionFinale.pyg'.

(./_minted-VoituresMoyenne_ProductionFinale/default-pyg-prefix.pygstyle)
(./_minted-VoituresMoyenne_ProductionFinale/default.pygstyle) [3 <./fig2.pdf> <
./fig3.pdf>]
(./_minted-VoituresMoyenne_ProductionFinale/62FE4F517E2AFF0772504830D49CC3C7707
6BD820051610B0F545C62378AEC23.pygtex
LaTeX Font Info:    Try loading font information for T1+lmtt on input line 1.

(/home/afradin/texlive/2017/texmf-dist/tex/latex/lm/t1lmtt.fd
File: t1lmtt.fd 2009/10/30 v1.6 Font defs for Latin Modern
)
LaTeX Font Info:    Try loading font information for TS1+lmtt on input line 3.

(/home/afradin/texlive/2017/texmf-dist/tex/latex/lm/ts1lmtt.fd
File: ts1lmtt.fd 2009/10/30 v1.6 Font defs for Latin Modern
))

Package caption Warning: The option `hypcap=true' will be ignored for this
(caption)                particular \caption on input line 150.
See the caption package documentation for explanation.


LaTeX Warning: Command \` invalid in math mode on input line 159.


LaTeX Warning: Command \` invalid in math mode on input line 159.


LaTeX Warning: Command \` invalid in math mode on input line 159.


LaTeX Warning: Command \` invalid in math mode on input line 161.


LaTeX Warning: Command \` invalid in math mode on input line 161.


LaTeX Warning: Command \` invalid in math mode on input line 161.

\openout3 = `VoituresMoyenne_ProductionFinale.pyg'.


(./_minted-VoituresMoyenne_ProductionFinale/D306EAEF27B3BA9A8A7DC17436E9E8D94E2
8075C7DA31643249FF26771B2930A.pygtex
LaTeX Font Info:    Font shape `T1/lmtt/bx/n' in size <10> not available
(Font)              Font shape `T1/lmtt/b/n' tried instead on input line 2.
) [4]

Package caption Warning: The option `hypcap=true' will be ignored for this
(caption)                particular \caption on input line 194.
See the caption package documentation for explanation.


Package caption Warning: The option `hypcap=true' will be ignored for this
(caption)                particular \caption on input line 223.
See the caption package documentation for explanation.

[5] [6]

Package caption Warning: The option `hypcap=true' will be ignored for this
(caption)                particular \caption on input line 283.
See the caption package documentation for explanation.


Package caption Warning: The option `hypcap=true' will be ignored for this
(caption)                particular \caption on input line 300.
See the caption package documentation for explanation.

<fig4.pdf, id=200, pagebox=cropbox, 227.85126pt x 227.85126pt>
File: fig4.pdf Graphic file (type pdf)
<use fig4.pdf>
Package pdftex.def Info: fig4.pdf  used on input line 317. on input line 317.
Package pdftex.def Info: Requested size: 227.8507pt x 227.8507pt on input line 
317.

Package caption Warning: The option `hypcap=true' will be ignored for this
(caption)                particular \caption on input line 318.
See the caption package documentation for explanation.

[7]
<fig5.pdf, id=209, pagebox=cropbox, 227.85126pt x 222.8325pt>
File: fig5.pdf Graphic file (type pdf)
<use fig5.pdf>
Package pdftex.def Info: fig5.pdf  used on input line 323. on input line 323.
Package pdftex.def Info: Requested size: 227.8507pt x 222.83195pt on input line
 323.


Package caption Warning: The option `hypcap=true' will be ignored for this
(caption)                particular \caption on input line 324.
See the caption package documentation for explanation.

<fig6.pdf, id=210, pagebox=cropbox, 227.85126pt x 60.225pt>
File: fig6.pdf Graphic file (type pdf)
<use fig6.pdf>
Package pdftex.def Info: fig6.pdf  used on input line 329. on input line 329.
Package pdftex.def Info: Requested size: 227.8507pt x 60.22484pt on input line 
329.

Package caption Warning: The option `hypcap=true' will be ignored for this
(caption)                particular \caption on input line 330.
See the caption package documentation for explanation.

[8 <./fig4.pdf> <./fig5.pdf> <./fig6.pdf>]
<fig7.pdf, id=233, pagebox=cropbox, 85.31876pt x 57.21375pt>
File: fig7.pdf Graphic file (type pdf)
<use fig7.pdf>
Package pdftex.def Info: fig7.pdf  used on input line 347. on input line 347.
Package pdftex.def Info: Requested size: 85.31853pt x 57.2136pt on input line 3
47.


Package caption Warning: The option `hypcap=true' will be ignored for this
(caption)                particular \caption on input line 348.
See the caption package documentation for explanation.

<fig8.pdf, id=234, pagebox=cropbox, 255.95625pt x 60.225pt>
File: fig8.pdf Graphic file (type pdf)
<use fig8.pdf>
Package pdftex.def Info: fig8.pdf  used on input line 353. on input line 353.
Package pdftex.def Info: Requested size: 255.95561pt x 60.22484pt on input line
 353.

Package caption Warning: The option `hypcap=true' will be ignored for this
(caption)                particular \caption on input line 354.
See the caption package documentation for explanation.

<fig9.pdf, id=235, pagebox=cropbox, 142.5325pt x 60.225pt>
File: fig9.pdf Graphic file (type pdf)
<use fig9.pdf>
Package pdftex.def Info: fig9.pdf  used on input line 359. on input line 359.
Package pdftex.def Info: Requested size: 142.53214pt x 60.22484pt on input line
 359.

Package caption Warning: The option `hypcap=true' will be ignored for this
(caption)                particular \caption on input line 360.
See the caption package documentation for explanation.

<fig10.pdf, id=236, pagebox=cropbox, 313.17pt x 61.22874pt>
File: fig10.pdf Graphic file (type pdf)
<use fig10.pdf>
Package pdftex.def Info: fig10.pdf  used on input line 367. on input line 367.
Package pdftex.def Info: Requested size: 313.16922pt x 61.22858pt on input line
 367.

Package caption Warning: The option `hypcap=true' will be ignored for this
(caption)                particular \caption on input line 368.
See the caption package documentation for explanation.

<fig11.pdf, id=237, pagebox=cropbox, 142.5325pt x 60.225pt>
File: fig11.pdf Graphic file (type pdf)
<use fig11.pdf>
Package pdftex.def Info: fig11.pdf  used on input line 373. on input line 373.
Package pdftex.def Info: Requested size: 142.53214pt x 60.22484pt on input line
 373.

Package caption Warning: The option `hypcap=true' will be ignored for this
(caption)                particular \caption on input line 374.
See the caption package documentation for explanation.

[9 <./fig7.pdf> <./fig8.pdf> <./fig9.pdf> <./fig10.pdf>]
<fig12.pdf, id=266, pagebox=cropbox, 183.68625pt x 172.645pt>
File: fig12.pdf Graphic file (type pdf)
<use fig12.pdf>
Package pdftex.def Info: fig12.pdf  used on input line 379. on input line 379.
Package pdftex.def Info: Requested size: 183.68578pt x 172.64456pt on input lin
e 379.


Package caption Warning: The option `hypcap=true' will be ignored for this
(caption)                particular \caption on input line 380.
See the caption package documentation for explanation.

<fig13.pdf, id=267, pagebox=cropbox, 227.85126pt x 61.22874pt>
File: fig13.pdf Graphic file (type pdf)
<use fig13.pdf>
Package pdftex.def Info: fig13.pdf  used on input line 394. on input line 394.
Package pdftex.def Info: Requested size: 227.8507pt x 61.22858pt on input line 
394.

Package caption Warning: The option `hypcap=true' will be ignored for this
(caption)                particular \caption on input line 395.
See the caption package documentation for explanation.

<fig14.pdf, id=268, pagebox=cropbox, 174.6525pt x 227.85126pt>
File: fig14.pdf Graphic file (type pdf)
<use fig14.pdf>
Package pdftex.def Info: fig14.pdf  used on input line 400. on input line 400.
Package pdftex.def Info: Requested size: 174.65207pt x 227.8507pt on input line
 400.

Package caption Warning: The option `hypcap=true' will be ignored for this
(caption)                particular \caption on input line 401.
See the caption package documentation for explanation.

[10 <./fig11.pdf> <./fig12.pdf> <./fig13.pdf>] [11 <./fig14.pdf>]
<fig15.pdf, id=319, pagebox=cropbox, 174.6525pt x 227.85126pt>
File: fig15.pdf Graphic file (type pdf)
<use fig15.pdf>
Package pdftex.def Info: fig15.pdf  used on input line 442. on input line 442.
Package pdftex.def Info: Requested size: 174.65207pt x 227.8507pt on input line
 442.


Package caption Warning: The option `hypcap=true' will be ignored for this
(caption)                particular \caption on input line 443.
See the caption package documentation for explanation.


Package caption Warning: The option `hypcap=true' will be ignored for this
(caption)                particular \caption on input line 459.
See the caption package documentation for explanation.

[12 <./fig15.pdf>]

Package hyperref Warning: Token not allowed in a PDF string (PDFDocEncoding):
(hyperref)                removing `math shift' on input line 473.


Package hyperref Warning: Token not allowed in a PDF string (PDFDocEncoding):
(hyperref)                removing `math shift' on input line 473.

[13]
\openout3 = `VoituresMoyenne_ProductionFinale.pyg'.


(./_minted-VoituresMoyenne_ProductionFinale/F1B33907F24F8B3945C78CAEE0A9A14C4E2
8075C7DA31643249FF26771B2930A.pygtex)

Package caption Warning: The option `hypcap=true' will be ignored for this
(caption)                particular \caption on input line 517.
See the caption package documentation for explanation.


Package caption Warning: The option `hypcap=true' will be ignored for this
(caption)                particular \caption on input line 542.
See the caption package documentation for explanation.


Package hyperref Warning: Token not allowed in a PDF string (PDFDocEncoding):
(hyperref)                removing `math shift' on input line 556.


Package hyperref Warning: Token not allowed in a PDF string (PDFDocEncoding):
(hyperref)                removing `math shift' on input line 556.

[14]
\openout3 = `VoituresMoyenne_ProductionFinale.pyg'.


(./_minted-VoituresMoyenne_ProductionFinale/65C022CC7B6E156549588BB25D1ADFB24E2
8075C7DA31643249FF26771B2930A.pygtex)

Package caption Warning: The option `hypcap=true' will be ignored for this
(caption)                particular \caption on input line 570.
See the caption package documentation for explanation.


Package caption Warning: The option `hypcap=true' will be ignored for this
(caption)                particular \caption on input line 593.
See the caption package documentation for explanation.

<../Graphiques/Graphique_Moyenne.png, id=343, 987.2082pt x 491.436pt>
File: ../Graphiques/Graphique_Moyenne.png Graphic file (type png)
<use ../Graphiques/Graphique_Moyenne.png>
Package pdftex.def Info: ../Graphiques/Graphique_Moyenne.png  used on input lin
e 606. on input line 606.
Package pdftex.def Info: Requested size: 493.60289pt x 245.71739pt on input lin
e 606.

Package caption Warning: The option `hypcap=true' will be ignored for this
(caption)                particular \caption on input line 607.
See the caption package documentation for explanation.

[15]
<../Graphiques/Comparaison/2_formules/Comparaison_1.png, id=353, 987.2082pt x 4
91.436pt>
File: ../Graphiques/Comparaison/2_formules/Comparaison_1.png Graphic file (type
 png)
<use ../Graphiques/Comparaison/2_formules/Comparaison_1.png>
Package pdftex.def Info: ../Graphiques/Comparaison/2_formules/Comparaison_1.png
  used on input line 617. on input line 617.
Package pdftex.def Info: Requested size: 493.60289pt x 245.71739pt on input lin
e 617.


Package caption Warning: The option `hypcap=true' will be ignored for this
(caption)                particular \caption on input line 618.
See the caption package documentation for explanation.


LaTeX Warning: Command \` invalid in math mode on input line 621.

[16 <../Graphiques/Graphique_Moyenne.png> <../Graphiques/Comparaison/2_formules
/Comparaison_1.png>]
<../Graphiques/Comparaison/Formule_1_2/VitesseCalcul_1_2.png, id=363, 987.2082p
t x 491.436pt>
File: ../Graphiques/Comparaison/Formule_1_2/VitesseCalcul_1_2.png Graphic file 
(type png)
<use ../Graphiques/Comparaison/Formule_1_2/VitesseCalcul_1_2.png>
Package pdftex.def Info: ../Graphiques/Comparaison/Formule_1_2/VitesseCalcul_1_
2.png  used on input line 624. on input line 624.
Package pdftex.def Info: Requested size: 493.60289pt x 245.71739pt on input lin
e 624.


Package caption Warning: The option `hypcap=true' will be ignored for this
(caption)                particular \caption on input line 625.
See the caption package documentation for explanation.

<../Graphiques/Comparaison/Formule_2_1/VitesseCalcul_2_1.png, id=364, 987.2082p
t x 491.436pt>
File: ../Graphiques/Comparaison/Formule_2_1/VitesseCalcul_2_1.png Graphic file 
(type png)
<use ../Graphiques/Comparaison/Formule_2_1/VitesseCalcul_2_1.png>
Package pdftex.def Info: ../Graphiques/Comparaison/Formule_2_1/VitesseCalcul_2_
1.png  used on input line 631. on input line 631.
Package pdftex.def Info: Requested size: 493.60289pt x 245.71739pt on input lin
e 631.

Package caption Warning: The option `hypcap=true' will be ignored for this
(caption)                particular \caption on input line 632.
See the caption package documentation for explanation.

Package atveryend Info: Empty hook `BeforeClearDocument' on input line 641.
[17 <../Graphiques/Comparaison/Formule_1_2/VitesseCalcul_1_2.png> <../Graphique
s/Comparaison/Formule_2_1/VitesseCalcul_2_1.png>]
Package atveryend Info: Empty hook `AfterLastShipout' on input line 641.

(./VoituresMoyenne_ProductionFinale.aux)
Package atveryend Info: Executing hook `AtVeryEndDocument' on input line 641.
Package atveryend Info: Executing hook `AtEndAfterFileList' on input line 641.
Package rerunfilecheck Info: File `VoituresMoyenne_ProductionFinale.out' has no
t changed.
(rerunfilecheck)             Checksum: E90223B3B4B45F7A96179214C5F8294E;1889.
runsystem(rm VoituresMoyenne_ProductionFinale.pyg)...executed.

 ) 
Here is how much of TeX's memory you used:
 14874 strings out of 492990
 236520 string characters out of 6131226
 378835 words of memory out of 5000000
 18021 multiletter control sequences out of 15000+600000
 107873 words of font info for 79 fonts, out of 8000000 for 9000
 1141 hyphenation exceptions out of 8191
 39i,11n,39p,882b,583s stack positions out of 5000i,500n,10000p,200000b,80000s
{/home/afradin/texlive/2017/texmf-dist/fonts/enc/dvips/lm/lm-rm.enc}{/home/af
radin/texlive/2017/texmf-dist/fonts/enc/dvips/lm/lm-mathsy.enc}{/home/afradin/t
exlive/2017/texmf-dist/fonts/enc/dvips/lm/lm-mathit.enc}{/home/afradin/texlive/
2017/texmf-dist/fonts/enc/dvips/lm/lm-mathex.enc}{/home/afradin/texlive/2017/te
xmf-dist/fonts/enc/dvips/lm/lm-ec.enc}{/home/afradin/texlive/2017/texmf-dist/fo
nts/enc/dvips/lm/lm-ts1.enc}</home/afradin/texlive/2017/texmf-dist/fonts/type1/
public/amsfonts/latxfont/line10.pfb></home/afradin/texlive/2017/texmf-dist/font
s/type1/public/lm/lmbx10.pfb></home/afradin/texlive/2017/texmf-dist/fonts/type1
/public/lm/lmbx12.pfb></home/afradin/texlive/2017/texmf-dist/fonts/type1/public
/lm/lmbx8.pfb></home/afradin/texlive/2017/texmf-dist/fonts/type1/public/lm/lmbx
9.pfb></home/afradin/texlive/2017/texmf-dist/fonts/type1/public/lm/lmbxi10.pfb>
</home/afradin/texlive/2017/texmf-dist/fonts/type1/public/lm/lmcsc10.pfb></home
/afradin/texlive/2017/texmf-dist/fonts/type1/public/lm/lmex10.pfb></home/afradi
n/texlive/2017/texmf-dist/fonts/type1/public/lm/lmmi10.pfb></home/afradin/texli
ve/2017/texmf-dist/fonts/type1/public/lm/lmmi6.pfb></home/afradin/texlive/2017/
texmf-dist/fonts/type1/public/lm/lmmi7.pfb></home/afradin/texlive/2017/texmf-di
st/fonts/type1/public/lm/lmmi9.pfb></home/afradin/texlive/2017/texmf-dist/fonts
/type1/public/lm/lmr10.pfb></home/afradin/texlive/2017/texmf-dist/fonts/type1/p
ublic/lm/lmr5.pfb></home/afradin/texlive/2017/texmf-dist/fonts/type1/public/lm/
lmr6.pfb></home/afradin/texlive/2017/texmf-dist/fonts/type1/public/lm/lmr7.pfb>
</home/afradin/texlive/2017/texmf-dist/fonts/type1/public/lm/lmr8.pfb></home/af
radin/texlive/2017/texmf-dist/fonts/type1/public/lm/lmr9.pfb></home/afradin/tex
live/2017/texmf-dist/fonts/type1/public/lm/lmri10.pfb></home/afradin/texlive/20
17/texmf-dist/fonts/type1/public/lm/lmri8.pfb></home/afradin/texlive/2017/texmf
-dist/fonts/type1/public/lm/lmri9.pfb></home/afradin/texlive/2017/texmf-dist/fo
nts/type1/public/lm/lmsy10.pfb></home/afradin/texlive/2017/texmf-dist/fonts/typ
e1/public/lm/lmsy7.pfb></home/afradin/texlive/2017/texmf-dist/fonts/type1/publi
c/lm/lmsy9.pfb></home/afradin/texlive/2017/texmf-dist/fonts/type1/public/lm/lmt
k10.pfb></home/afradin/texlive/2017/texmf-dist/fonts/type1/public/lm/lmtt10.pfb
></home/afradin/texlive/2017/texmf-dist/fonts/type1/public/lm/lmtti10.pfb></hom
e/afradin/texlive/2017/texmf-dist/fonts/type1/public/amsfonts/symbols/msam10.pf
b>
Output written on VoituresMoyenne_ProductionFinale.pdf (17 pages, 750979 bytes)
.
PDF statistics:
 495 PDF objects out of 1000 (max. 8388607)
 403 compressed objects within 5 object streams
 78 named destinations out of 1000 (max. 500000)
 264 words of extra memory for PDF output out of 10000 (max. 10000000)

