\BOOKMARK [1][-]{section.1}{La simulation informatique - l'approche num\351rique}{}% 1
\BOOKMARK [2][-]{subsection.1.1}{Calculs pr\351liminaires - bornes inf\351rieure et sup\351rieure}{section.1}% 2
\BOOKMARK [2][-]{subsection.1.2}{Mise en place de l'algorithme}{section.1}% 3
\BOOKMARK [3][-]{subsubsection.1.2.1}{Construction de l'algorithme}{subsection.1.2}% 4
\BOOKMARK [2][-]{subsection.1.3}{Mise en place du programme en Python}{section.1}% 5
\BOOKMARK [3][-]{subsubsection.1.3.1}{Les erreurs d'impl\351mentation}{subsection.1.3}% 6
\BOOKMARK [3][-]{subsubsection.1.3.2}{Le programme Python}{subsection.1.3}% 7
\BOOKMARK [2][-]{subsection.1.4}{R\351sultats obtenus}{section.1}% 8
\BOOKMARK [2][-]{subsection.1.5}{Avantages \046 inconv\351nients de l'outil informatique}{section.1}% 9
\BOOKMARK [1][-]{section.2}{Les math\351matiques - l'approche th\351orique}{}% 10
\BOOKMARK [2][-]{subsection.2.1}{Notation et essaies pr\351liminaires}{section.2}% 11
\BOOKMARK [3][-]{subsubsection.2.1.1}{Notation}{subsection.2.1}% 12
\BOOKMARK [3][-]{subsubsection.2.1.2}{Essaies pr\351liminaires}{subsection.2.1}% 13
\BOOKMARK [2][-]{subsection.2.2}{La formule de r\351currence}{section.2}% 14
\BOOKMARK [3][-]{subsubsection.2.2.1}{La formule brute}{subsection.2.2}% 15
\BOOKMARK [3][-]{subsubsection.2.2.2}{Simplifications \046 am\351liorations par la sym\351trie}{subsection.2.2}% 16
\BOOKMARK [3][-]{subsubsection.2.2.3}{Une formule de r\351currence \340 l'ordre 2}{subsection.2.2}% 17
\BOOKMARK [2][-]{subsection.2.3}{R\351sultats obtenus \046 impr\351cisions num\351riques}{section.2}% 18
\BOOKMARK [3][-]{subsubsection.2.3.1}{Les formules brutes}{subsection.2.3}% 19
\BOOKMARK [3][-]{subsubsection.2.3.2}{La formule de r\351currence \340 l'ordre 2}{subsection.2.3}% 20
\BOOKMARK [3][-]{subsubsection.2.3.3}{Performance : comparaison des deux formules de r\351currence}{subsection.2.3}% 21
