This is pdfTeX, Version 3.141592653-2.6-1.40.25 (TeX Live 2023) (preloaded format=pdflatex 2023.7.29)  28 JAN 2024 20:57
entering extended mode
 \write18 enabled.
 file:line:error style messages enabled.
 %&-line parsing enabled.
**PateFeuillete_ProductionFinale.tex
(./PateFeuillete_ProductionFinale.tex
LaTeX2e <2023-06-01> patch level 1
L3 programming layer <2023-06-30>
(/home/fadrien/texlive/2023/texmf-dist/tex/latex/base/article.cls
Document Class: article 2023/05/17 v1.4n Standard LaTeX document class
(/home/fadrien/texlive/2023/texmf-dist/tex/latex/base/size12.clo
File: size12.clo 2023/05/17 v1.4n Standard LaTeX file (size option)
)
\c@part=\count185
\c@section=\count186
\c@subsection=\count187
\c@subsubsection=\count188
\c@paragraph=\count189
\c@subparagraph=\count190
\c@figure=\count191
\c@table=\count192
\abovecaptionskip=\skip48
\belowcaptionskip=\skip49
\bibindent=\dimen140
)
(/home/fadrien/texlive/2023/texmf-dist/tex/latex/base/fontenc.sty
Package: fontenc 2021/04/29 v2.0v Standard LaTeX package
)
(/home/fadrien/texlive/2023/texmf-dist/tex/latex/base/inputenc.sty
Package: inputenc 2021/02/14 v1.3d Input encoding file
\inpenc@prehook=\toks17
\inpenc@posthook=\toks18
)
(/home/fadrien/texlive/2023/texmf-dist/tex/latex/lm/lmodern.sty
Package: lmodern 2015/05/01 v1.6.1 Latin Modern Fonts
LaTeX Font Info:    Overwriting symbol font `operators' in version `normal'
(Font)                  OT1/cmr/m/n --> OT1/lmr/m/n on input line 22.
LaTeX Font Info:    Overwriting symbol font `letters' in version `normal'
(Font)                  OML/cmm/m/it --> OML/lmm/m/it on input line 23.
LaTeX Font Info:    Overwriting symbol font `symbols' in version `normal'
(Font)                  OMS/cmsy/m/n --> OMS/lmsy/m/n on input line 24.
LaTeX Font Info:    Overwriting symbol font `largesymbols' in version `normal'
(Font)                  OMX/cmex/m/n --> OMX/lmex/m/n on input line 25.
LaTeX Font Info:    Overwriting symbol font `operators' in version `bold'
(Font)                  OT1/cmr/bx/n --> OT1/lmr/bx/n on input line 26.
LaTeX Font Info:    Overwriting symbol font `letters' in version `bold'
(Font)                  OML/cmm/b/it --> OML/lmm/b/it on input line 27.
LaTeX Font Info:    Overwriting symbol font `symbols' in version `bold'
(Font)                  OMS/cmsy/b/n --> OMS/lmsy/b/n on input line 28.
LaTeX Font Info:    Overwriting symbol font `largesymbols' in version `bold'
(Font)                  OMX/cmex/m/n --> OMX/lmex/m/n on input line 29.
LaTeX Font Info:    Overwriting math alphabet `\mathbf' in version `normal'
(Font)                  OT1/cmr/bx/n --> OT1/lmr/bx/n on input line 31.
LaTeX Font Info:    Overwriting math alphabet `\mathsf' in version `normal'
(Font)                  OT1/cmss/m/n --> OT1/lmss/m/n on input line 32.
LaTeX Font Info:    Overwriting math alphabet `\mathit' in version `normal'
(Font)                  OT1/cmr/m/it --> OT1/lmr/m/it on input line 33.
LaTeX Font Info:    Overwriting math alphabet `\mathtt' in version `normal'
(Font)                  OT1/cmtt/m/n --> OT1/lmtt/m/n on input line 34.
LaTeX Font Info:    Overwriting math alphabet `\mathbf' in version `bold'
(Font)                  OT1/cmr/bx/n --> OT1/lmr/bx/n on input line 35.
LaTeX Font Info:    Overwriting math alphabet `\mathsf' in version `bold'
(Font)                  OT1/cmss/bx/n --> OT1/lmss/bx/n on input line 36.
LaTeX Font Info:    Overwriting math alphabet `\mathit' in version `bold'
(Font)                  OT1/cmr/bx/it --> OT1/lmr/bx/it on input line 37.
LaTeX Font Info:    Overwriting math alphabet `\mathtt' in version `bold'
(Font)                  OT1/cmtt/m/n --> OT1/lmtt/m/n on input line 38.
)
(/home/fadrien/texlive/2023/texmf-dist/tex/latex/fancyhdr/fancyhdr.sty
Package: fancyhdr 2022/11/09 v4.1 Extensive control of page headers and footers

\f@nch@headwidth=\skip50
\f@nch@O@elh=\skip51
\f@nch@O@erh=\skip52
\f@nch@O@olh=\skip53
\f@nch@O@orh=\skip54
\f@nch@O@elf=\skip55
\f@nch@O@erf=\skip56
\f@nch@O@olf=\skip57
\f@nch@O@orf=\skip58
)
(/home/fadrien/texlive/2023/texmf-dist/tex/latex/hyperref/nameref.sty
Package: nameref 2023-08-07 v2.53 Cross-referencing by name of section

(/home/fadrien/texlive/2023/texmf-dist/tex/latex/refcount/refcount.sty
Package: refcount 2019/12/15 v3.6 Data extraction from label references (HO)

(/home/fadrien/texlive/2023/texmf-dist/tex/generic/ltxcmds/ltxcmds.sty
Package: ltxcmds 2020-05-10 v1.25 LaTeX kernel commands for general use (HO)
)
(/home/fadrien/texlive/2023/texmf-dist/tex/generic/infwarerr/infwarerr.sty
Package: infwarerr 2019/12/03 v1.5 Providing info/warning/error messages (HO)
))
(/home/fadrien/texlive/2023/texmf-dist/tex/generic/gettitlestring/gettitlestrin
g.sty
Package: gettitlestring 2019/12/15 v1.6 Cleanup title references (HO)
 (/home/fadrien/texlive/2023/texmf-dist/tex/latex/kvoptions/kvoptions.sty
Package: kvoptions 2022-06-15 v3.15 Key value format for package options (HO)

(/home/fadrien/texlive/2023/texmf-dist/tex/latex/graphics/keyval.sty
Package: keyval 2022/05/29 v1.15 key=value parser (DPC)
\KV@toks@=\toks19
)
(/home/fadrien/texlive/2023/texmf-dist/tex/latex/kvsetkeys/kvsetkeys.sty
Package: kvsetkeys 2022-10-05 v1.19 Key value parser (HO)
)))
\c@section@level=\count193
)
(/home/fadrien/texlive/2023/texmf-dist/tex/latex/lastpage/lastpage.sty
Package: lastpage 2023/07/24 v2.0c lastpage: 2.09 or 2e? (HMM)

(/home/fadrien/texlive/2023/texmf-dist/tex/latex/lastpage/lastpage2e.sty
Package: lastpage2e 2023/07/24 v2.0c Decide which 2e lastpage version to use (H
MM)

(/home/fadrien/texlive/2023/texmf-dist/tex/latex/lastpage/lastpagemodern.sty
Package: lastpagemodern 2023-07-24 v2.0c Refers to last page's name (HMM; JPG)
)

)) (/home/fadrien/texlive/2023/texmf-dist/tex/latex/geometry/geometry.sty
Package: geometry 2020/01/02 v5.9 Page Geometry

(/home/fadrien/texlive/2023/texmf-dist/tex/generic/iftex/ifvtex.sty
Package: ifvtex 2019/10/25 v1.7 ifvtex legacy package. Use iftex instead.

(/home/fadrien/texlive/2023/texmf-dist/tex/generic/iftex/iftex.sty
Package: iftex 2022/02/03 v1.0f TeX engine tests
))
\Gm@cnth=\count194
\Gm@cntv=\count195
\c@Gm@tempcnt=\count196
\Gm@bindingoffset=\dimen141
\Gm@wd@mp=\dimen142
\Gm@odd@mp=\dimen143
\Gm@even@mp=\dimen144
\Gm@layoutwidth=\dimen145
\Gm@layoutheight=\dimen146
\Gm@layouthoffset=\dimen147
\Gm@layoutvoffset=\dimen148
\Gm@dimlist=\toks20
)
(/home/fadrien/texlive/2023/texmf-dist/tex/latex/minted/minted.sty
Package: minted 2022/12/12 v2.7 Yet another Pygments shim for LaTeX

(/home/fadrien/texlive/2023/texmf-dist/tex/latex/fvextra/fvextra.sty
Package: fvextra 2022/11/30 v1.5 fvextra - extensions and patches for fancyvrb

(/home/fadrien/texlive/2023/texmf-dist/tex/latex/etoolbox/etoolbox.sty
Package: etoolbox 2020/10/05 v2.5k e-TeX tools for LaTeX (JAW)
\etb@tempcnta=\count197
)
(/home/fadrien/texlive/2023/texmf-dist/tex/latex/fancyvrb/fancyvrb.sty
Package: fancyvrb 2023/01/19 4.5a verbatim text (tvz,hv)
\FV@CodeLineNo=\count198
\FV@InFile=\read2
\FV@TabBox=\box51
\c@FancyVerbLine=\count199
\FV@StepNumber=\count266
\FV@OutFile=\write3
)
(/home/fadrien/texlive/2023/texmf-dist/tex/latex/upquote/upquote.sty
Package: upquote 2012/04/19 v1.3 upright-quote and grave-accent glyphs in verba
tim

(/home/fadrien/texlive/2023/texmf-dist/tex/latex/base/textcomp.sty
Package: textcomp 2020/02/02 v2.0n Standard LaTeX package
))
(/home/fadrien/texlive/2023/texmf-dist/tex/latex/lineno/lineno.sty
Package: lineno 2023/05/20 line numbers on paragraphs v5.3
\linenopenalty=\count267
\output=\toks21
\linenoprevgraf=\count268
\linenumbersep=\dimen149
\linenumberwidth=\dimen150
\c@linenumber=\count269
\c@pagewiselinenumber=\count270
\c@LN@truepage=\count271
\c@internallinenumber=\count272
\c@internallinenumbers=\count273
\quotelinenumbersep=\dimen151
\bframerule=\dimen152
\bframesep=\dimen153
\bframebox=\box52
LaTeX Info: Redefining \\ on input line 3180.
)
\c@FV@TrueTabGroupLevel=\count274
\c@FV@TrueTabCounter=\count275
\FV@TabBox@Group=\box53
\FV@TmpLength=\skip59
\c@FV@HighlightLinesStart=\count276
\c@FV@HighlightLinesStop=\count277
\FV@LoopCount=\count278
\FV@NCharsBox=\box54
\FV@BreakIndent=\dimen154
\FV@BreakIndentNChars=\count279
\FV@BreakSymbolSepLeft=\dimen155
\FV@BreakSymbolSepLeftNChars=\count280
\FV@BreakSymbolSepRight=\dimen156
\FV@BreakSymbolSepRightNChars=\count281
\FV@BreakSymbolIndentLeft=\dimen157
\FV@BreakSymbolIndentLeftNChars=\count282
\FV@BreakSymbolIndentRight=\dimen158
\FV@BreakSymbolIndentRightNChars=\count283
\c@FancyVerbLineBreakLast=\count284
\FV@LineBox=\box55
\FV@LineIndentBox=\box56
\c@FV@BreakBufferDepth=\count285
\FV@LineWidth=\dimen159
)
(/home/fadrien/texlive/2023/texmf-dist/tex/latex/base/ifthen.sty
Package: ifthen 2022/04/13 v1.1d Standard LaTeX ifthen package (DPC)
)
(/home/fadrien/texlive/2023/texmf-dist/tex/latex/tools/calc.sty
Package: calc 2017/05/25 v4.3 Infix arithmetic (KKT,FJ)
\calc@Acount=\count286
\calc@Bcount=\count287
\calc@Adimen=\dimen160
\calc@Bdimen=\dimen161
\calc@Askip=\skip60
\calc@Bskip=\skip61
LaTeX Info: Redefining \setlength on input line 80.
LaTeX Info: Redefining \addtolength on input line 81.
\calc@Ccount=\count288
\calc@Cskip=\skip62
)
(/home/fadrien/texlive/2023/texmf-dist/tex/latex/tools/shellesc.sty
Package: shellesc 2023/04/15 v1.0d unified shell escape interface for LaTeX
Package shellesc Info: Unrestricted shell escape enabled on input line 75.
)
(/home/fadrien/texlive/2023/texmf-dist/tex/latex/ifplatform/ifplatform.sty
Package: ifplatform 2017/10/13 v0.4a Testing for the operating system

(/home/fadrien/texlive/2023/texmf-dist/tex/generic/pdftexcmds/pdftexcmds.sty
Package: pdftexcmds 2020-06-27 v0.33 Utility functions of pdfTeX for LuaTeX (HO
)
Package pdftexcmds Info: \pdf@primitive is available.
Package pdftexcmds Info: \pdf@ifprimitive is available.
Package pdftexcmds Info: \pdfdraftmode found.
)
(/home/fadrien/texlive/2023/texmf-dist/tex/generic/catchfile/catchfile.sty
Package: catchfile 2019/12/09 v1.8 Catch the contents of a file (HO)

(/home/fadrien/texlive/2023/texmf-dist/tex/generic/etexcmds/etexcmds.sty
Package: etexcmds 2019/12/15 v1.7 Avoid name clashes with e-TeX commands (HO)
))
(/home/fadrien/texlive/2023/texmf-dist/tex/generic/iftex/ifluatex.sty
Package: ifluatex 2019/10/25 v1.5 ifluatex legacy package. Use iftex instead.
)
runsystem(uname -s > "PateFeuillete_ProductionFinale.w18")...executed.


(./PateFeuillete_ProductionFinale.w18)
runsystem(rm -- "PateFeuillete_ProductionFinale.w18")...executed.

)
(/home/fadrien/texlive/2023/texmf-dist/tex/generic/xstring/xstring.sty
(/home/fadrien/texlive/2023/texmf-dist/tex/generic/xstring/xstring.tex
\integerpart=\count289
\decimalpart=\count290
)
Package: xstring 2023/01/14 v1.85 String manipulations (CT)
)
(/home/fadrien/texlive/2023/texmf-dist/tex/latex/framed/framed.sty
Package: framed 2011/10/22 v 0.96: framed or shaded text with page breaks
\OuterFrameSep=\skip63
\fb@frw=\dimen162
\fb@frh=\dimen163
\FrameRule=\dimen164
\FrameSep=\dimen165
)
(/home/fadrien/texlive/2023/texmf-dist/tex/latex/float/float.sty
Package: float 2001/11/08 v1.3d Float enhancements (AL)
\c@float@type=\count291
\float@exts=\toks22
\float@box=\box57
\@float@everytoks=\toks23
\@floatcapt=\box58
)
\minted@appexistsfile=\read3
\minted@bgbox=\box59
\minted@code=\write4
\c@minted@FancyVerbLineTemp=\count292
\c@minted@pygmentizecounter=\count293
\@float@every@listing=\toks24
\c@listing=\count294
)
runsystem(mkdir -p _minted-PateFeuillete_ProductionFinale)...executed.


(/home/fadrien/texlive/2023/texmf-dist/tex/latex/setspace/setspace.sty
Package: setspace 2022/12/04 v6.7b set line spacing
)
(/home/fadrien/texlive/2023/texmf-dist/tex/latex/amsmath/amsmath.sty
Package: amsmath 2023/05/13 v2.17o AMS math features
\@mathmargin=\skip64

For additional information on amsmath, use the `?' option.
(/home/fadrien/texlive/2023/texmf-dist/tex/latex/amsmath/amstext.sty
Package: amstext 2021/08/26 v2.01 AMS text

(/home/fadrien/texlive/2023/texmf-dist/tex/latex/amsmath/amsgen.sty
File: amsgen.sty 1999/11/30 v2.0 generic functions
\@emptytoks=\toks25
\ex@=\dimen166
))
(/home/fadrien/texlive/2023/texmf-dist/tex/latex/amsmath/amsbsy.sty
Package: amsbsy 1999/11/29 v1.2d Bold Symbols
\pmbraise@=\dimen167
)
(/home/fadrien/texlive/2023/texmf-dist/tex/latex/amsmath/amsopn.sty
Package: amsopn 2022/04/08 v2.04 operator names
)
\inf@bad=\count295
LaTeX Info: Redefining \frac on input line 234.
\uproot@=\count296
\leftroot@=\count297
LaTeX Info: Redefining \overline on input line 399.
LaTeX Info: Redefining \colon on input line 410.
\classnum@=\count298
\DOTSCASE@=\count299
LaTeX Info: Redefining \ldots on input line 496.
LaTeX Info: Redefining \dots on input line 499.
LaTeX Info: Redefining \cdots on input line 620.
\Mathstrutbox@=\box60
\strutbox@=\box61
LaTeX Info: Redefining \big on input line 722.
LaTeX Info: Redefining \Big on input line 723.
LaTeX Info: Redefining \bigg on input line 724.
LaTeX Info: Redefining \Bigg on input line 725.
\big@size=\dimen168
LaTeX Font Info:    Redeclaring font encoding OML on input line 743.
LaTeX Font Info:    Redeclaring font encoding OMS on input line 744.
\macc@depth=\count300
LaTeX Info: Redefining \bmod on input line 905.
LaTeX Info: Redefining \pmod on input line 910.
LaTeX Info: Redefining \smash on input line 940.
LaTeX Info: Redefining \relbar on input line 970.
LaTeX Info: Redefining \Relbar on input line 971.
\c@MaxMatrixCols=\count301
\dotsspace@=\muskip16
\c@parentequation=\count302
\dspbrk@lvl=\count303
\tag@help=\toks26
\row@=\count304
\column@=\count305
\maxfields@=\count306
\andhelp@=\toks27
\eqnshift@=\dimen169
\alignsep@=\dimen170
\tagshift@=\dimen171
\tagwidth@=\dimen172
\totwidth@=\dimen173
\lineht@=\dimen174
\@envbody=\toks28
\multlinegap=\skip65
\multlinetaggap=\skip66
\mathdisplay@stack=\toks29
LaTeX Info: Redefining \[ on input line 2953.
LaTeX Info: Redefining \] on input line 2954.
)
\linenoamsmath@ams@eqpen=\count307

(/home/fadrien/texlive/2023/texmf-dist/tex/latex/amsfonts/amssymb.sty
Package: amssymb 2013/01/14 v3.01 AMS font symbols

(/home/fadrien/texlive/2023/texmf-dist/tex/latex/amsfonts/amsfonts.sty
Package: amsfonts 2013/01/14 v3.01 Basic AMSFonts support
\symAMSa=\mathgroup4
\symAMSb=\mathgroup5
LaTeX Font Info:    Redeclaring math symbol \hbar on input line 98.
LaTeX Font Info:    Overwriting math alphabet `\mathfrak' in version `bold'
(Font)                  U/euf/m/n --> U/euf/b/n on input line 106.
))
(/home/fadrien/texlive/2023/texmf-dist/tex/latex/stmaryrd/stmaryrd.sty
Package: stmaryrd 1994/03/03 St Mary's Road symbol package
\symstmry=\mathgroup6
LaTeX Font Info:    Overwriting symbol font `stmry' in version `bold'
(Font)                  U/stmry/m/n --> U/stmry/b/n on input line 89.
)
(/home/fadrien/texlive/2023/texmf-dist/tex/latex/multirow/multirow.sty
Package: multirow 2021/03/15 v2.8 Span multiple rows of a table
\multirow@colwidth=\skip67
\multirow@cntb=\count308
\multirow@dima=\skip68
\bigstrutjot=\dimen175
)
(/home/fadrien/texlive/2023/texmf-dist/tex/latex/footmisc/footmisc.sty
Package: footmisc 2023/07/05 v6.0f a miscellany of footnote facilities
\FN@temptoken=\toks30
\footnotemargin=\dimen176
\@outputbox@depth=\dimen177
Package footmisc Info: Declaring symbol style bringhurst on input line 696.
Package footmisc Info: Declaring symbol style chicago on input line 704.
Package footmisc Info: Declaring symbol style wiley on input line 713.
Package footmisc Info: Declaring symbol style lamport-robust on input line 724.

Package footmisc Info: Declaring symbol style lamport* on input line 744.
Package footmisc Info: Declaring symbol style lamport*-robust on input line 765
.
)
(/home/fadrien/texlive/2023/texmf-dist/tex/latex/graphics/graphicx.sty
Package: graphicx 2021/09/16 v1.2d Enhanced LaTeX Graphics (DPC,SPQR)

(/home/fadrien/texlive/2023/texmf-dist/tex/latex/graphics/graphics.sty
Package: graphics 2022/03/10 v1.4e Standard LaTeX Graphics (DPC,SPQR)

(/home/fadrien/texlive/2023/texmf-dist/tex/latex/graphics/trig.sty
Package: trig 2021/08/11 v1.11 sin cos tan (DPC)
)
(/home/fadrien/texlive/2023/texmf-dist/tex/latex/graphics-cfg/graphics.cfg
File: graphics.cfg 2016/06/04 v1.11 sample graphics configuration
)
Package graphics Info: Driver file: pdftex.def on input line 107.

(/home/fadrien/texlive/2023/texmf-dist/tex/latex/graphics-def/pdftex.def
File: pdftex.def 2022/09/22 v1.2b Graphics/color driver for pdftex
))
\Gin@req@height=\dimen178
\Gin@req@width=\dimen179
)
(/home/fadrien/texlive/2023/texmf-dist/tex/generic/babel/babel.sty
Package: babel 2023/07/15 v3.92 The Babel package
\babel@savecnt=\count309
\U@D=\dimen180
\l@unhyphenated=\language87

(/home/fadrien/texlive/2023/texmf-dist/tex/generic/babel/txtbabel.def)
\bbl@readstream=\read4
\bbl@dirlevel=\count310

(/home/fadrien/texlive/2023/texmf-dist/tex/generic/babel-french/french.ldf
Language: french 2023/03/08 v3.5q French support from the babel system
Package babel Info: Hyphen rules for 'acadian' set to \l@french
(babel)             (\language29). Reported on input line 91.
Package babel Info: Hyphen rules for 'canadien' set to \l@french
(babel)             (\language29). Reported on input line 92.
\FB@nonchar=\count311
Package babel Info: Making : an active character on input line 395.
Package babel Info: Making ; an active character on input line 396.
Package babel Info: Making ! an active character on input line 397.
Package babel Info: Making ? an active character on input line 398.
\FBguill@level=\count312
\FBold@everypar=\toks31
\FB@Mht=\dimen181
\mc@charclass=\count313
\mc@charfam=\count314
\mc@charslot=\count315
\std@mcc=\count316
\dec@mcc=\count317
\FB@parskip=\dimen182
\listindentFB=\dimen183
\descindentFB=\dimen184
\labelindentFB=\dimen185
\labelwidthFB=\dimen186
\leftmarginFB=\dimen187
\parindentFFN=\dimen188
\FBfnindent=\dimen189
))
(/home/fadrien/texlive/2023/texmf-dist/tex/generic/babel/locale/fr/babel-french
.tex
Package babel Info: Importing font and identification data for french
(babel)             from babel-fr.ini. Reported on input line 11.
) (/home/fadrien/texlive/2023/texmf-dist/tex/latex/carlisle/scalefnt.sty)
(/home/fadrien/texlive/2023/texmf-dist/tex/latex/listings/listings.sty
\lst@mode=\count318
\lst@gtempboxa=\box62
\lst@token=\toks32
\lst@length=\count319
\lst@currlwidth=\dimen190
\lst@column=\count320
\lst@pos=\count321
\lst@lostspace=\dimen191
\lst@width=\dimen192
\lst@newlines=\count322
\lst@lineno=\count323
\lst@maxwidth=\dimen193

(/home/fadrien/texlive/2023/texmf-dist/tex/latex/listings/lstmisc.sty
File: lstmisc.sty 2023/02/27 1.9 (Carsten Heinz)
\c@lstnumber=\count324
\lst@skipnumbers=\count325
\lst@framebox=\box63
)
(/home/fadrien/texlive/2023/texmf-dist/tex/latex/listings/listings.cfg
File: listings.cfg 2023/02/27 1.9 listings configuration
))
Package: listings 2023/02/27 1.9 (Carsten Heinz)

(/home/fadrien/texlive/2023/texmf-dist/tex/latex/caption/caption.sty
Package: caption 2023/07/28 v3.6m Customizing captions (AR)

(/home/fadrien/texlive/2023/texmf-dist/tex/latex/caption/caption3.sty
Package: caption3 2023/07/28 v2.4c caption3 kernel (AR)
\caption@tempdima=\dimen194
\captionmargin=\dimen195
\caption@leftmargin=\dimen196
\caption@rightmargin=\dimen197
\caption@width=\dimen198
\caption@indent=\dimen199
\caption@parindent=\dimen256
\caption@hangindent=\dimen257
Package caption Info: Standard document class detected.
Package caption Info: french babel package is loaded.
)
\c@caption@flags=\count326
\c@continuedfloat=\count327
Package caption Info: float package is loaded.
Package caption Info: listings package is loaded.
)
(/home/fadrien/texlive/2023/texmf-dist/tex/latex/caption/subcaption.sty
Package: subcaption 2023/07/28 v1.6b Sub-captions (AR)
Package caption Info: New subtype `subfigure' on input line 238.
\c@subfigure=\count328
Package caption Info: New subtype `subtable' on input line 238.
\c@subtable=\count329
)
(/home/fadrien/texlive/2023/texmf-dist/tex/latex/xcolor/xcolor.sty
Package: xcolor 2022/06/12 v2.14 LaTeX color extensions (UK)

(/home/fadrien/texlive/2023/texmf-dist/tex/latex/graphics-cfg/color.cfg
File: color.cfg 2016/01/02 v1.6 sample color configuration
)
Package xcolor Info: Driver file: pdftex.def on input line 227.

(/home/fadrien/texlive/2023/texmf-dist/tex/latex/graphics/mathcolor.ltx)
Package xcolor Info: Model `cmy' substituted by `cmy0' on input line 1353.
Package xcolor Info: Model `hsb' substituted by `rgb' on input line 1357.
Package xcolor Info: Model `RGB' extended on input line 1369.
Package xcolor Info: Model `HTML' substituted by `rgb' on input line 1371.
Package xcolor Info: Model `Hsb' substituted by `hsb' on input line 1372.
Package xcolor Info: Model `tHsb' substituted by `hsb' on input line 1373.
Package xcolor Info: Model `HSB' substituted by `hsb' on input line 1374.
Package xcolor Info: Model `Gray' substituted by `gray' on input line 1375.
Package xcolor Info: Model `wave' substituted by `hsb' on input line 1376.
)
(/home/fadrien/texlive/2023/texmf-dist/tex/latex/hyperref/hyperref.sty
Package: hyperref 2023-07-08 v7.01b Hypertext links for LaTeX

(/home/fadrien/texlive/2023/texmf-dist/tex/generic/kvdefinekeys/kvdefinekeys.st
y
Package: kvdefinekeys 2019-12-19 v1.6 Define keys (HO)
) (/home/fadrien/texlive/2023/texmf-dist/tex/generic/pdfescape/pdfescape.sty
Package: pdfescape 2019/12/09 v1.15 Implements pdfTeX's escape features (HO)
)
(/home/fadrien/texlive/2023/texmf-dist/tex/latex/hycolor/hycolor.sty
Package: hycolor 2020-01-27 v1.10 Color options for hyperref/bookmark (HO)
)
(/home/fadrien/texlive/2023/texmf-dist/tex/latex/letltxmacro/letltxmacro.sty
Package: letltxmacro 2019/12/03 v1.6 Let assignment for LaTeX macros (HO)
)
(/home/fadrien/texlive/2023/texmf-dist/tex/latex/auxhook/auxhook.sty
Package: auxhook 2019-12-17 v1.6 Hooks for auxiliary files (HO)
)
\@linkdim=\dimen258
\Hy@linkcounter=\count330
\Hy@pagecounter=\count331

(/home/fadrien/texlive/2023/texmf-dist/tex/latex/hyperref/pd1enc.def
File: pd1enc.def 2023-07-08 v7.01b Hyperref: PDFDocEncoding definition (HO)
Now handling font encoding PD1 ...
... no UTF-8 mapping file for font encoding PD1
)
(/home/fadrien/texlive/2023/texmf-dist/tex/generic/intcalc/intcalc.sty
Package: intcalc 2019/12/15 v1.3 Expandable calculations with integers (HO)
)
\Hy@SavedSpaceFactor=\count332

(/home/fadrien/texlive/2023/texmf-dist/tex/latex/hyperref/puenc.def
File: puenc.def 2023-07-08 v7.01b Hyperref: PDF Unicode definition (HO)
Now handling font encoding PU ...
... no UTF-8 mapping file for font encoding PU
)
Package hyperref Info: Option `unicode' set `true' on input line 4050.
Package hyperref Info: Option `colorlinks' set `true' on input line 4050.
Package hyperref Info: Hyper figures OFF on input line 4167.
Package hyperref Info: Link nesting OFF on input line 4172.
Package hyperref Info: Hyper index ON on input line 4175.
Package hyperref Info: Plain pages OFF on input line 4182.
Package hyperref Info: Backreferencing OFF on input line 4187.
Package hyperref Info: Implicit mode ON; LaTeX internals redefined.
Package hyperref Info: Bookmarks ON on input line 4434.
\c@Hy@tempcnt=\count333

(/home/fadrien/texlive/2023/texmf-dist/tex/latex/url/url.sty
\Urlmuskip=\muskip17
Package: url 2013/09/16  ver 3.4  Verb mode for urls, etc.
)
LaTeX Info: Redefining \url on input line 4772.
\XeTeXLinkMargin=\dimen259

(/home/fadrien/texlive/2023/texmf-dist/tex/generic/bitset/bitset.sty
Package: bitset 2019/12/09 v1.3 Handle bit-vector datatype (HO)

(/home/fadrien/texlive/2023/texmf-dist/tex/generic/bigintcalc/bigintcalc.sty
Package: bigintcalc 2019/12/15 v1.5 Expandable calculations on big integers (HO
)
))
\Fld@menulength=\count334
\Field@Width=\dimen260
\Fld@charsize=\dimen261
Package hyperref Info: Hyper figures OFF on input line 6051.
Package hyperref Info: Link nesting OFF on input line 6056.
Package hyperref Info: Hyper index ON on input line 6059.
Package hyperref Info: backreferencing OFF on input line 6066.
Package hyperref Info: Link coloring ON on input line 6069.
Package hyperref Info: Link coloring with OCG OFF on input line 6076.
Package hyperref Info: PDF/A mode OFF on input line 6081.

(/home/fadrien/texlive/2023/texmf-dist/tex/latex/base/atbegshi-ltx.sty
Package: atbegshi-ltx 2021/01/10 v1.0c Emulation of the original atbegshi
package with kernel methods
)
\Hy@abspage=\count335
\c@Item=\count336
\c@Hfootnote=\count337
)
Package hyperref Info: Driver (autodetected): hpdftex.

(/home/fadrien/texlive/2023/texmf-dist/tex/latex/hyperref/hpdftex.def
File: hpdftex.def 2023-07-08 v7.01b Hyperref driver for pdfTeX

(/home/fadrien/texlive/2023/texmf-dist/tex/latex/base/atveryend-ltx.sty
Package: atveryend-ltx 2020/08/19 v1.0a Emulation of the original atveryend pac
kage
with kernel methods
)
\Fld@listcount=\count338
\c@bookmark@seq@number=\count339

(/home/fadrien/texlive/2023/texmf-dist/tex/latex/rerunfilecheck/rerunfilecheck.
sty
Package: rerunfilecheck 2022-07-10 v1.10 Rerun checks for auxiliary files (HO)

(/home/fadrien/texlive/2023/texmf-dist/tex/generic/uniquecounter/uniquecounter.
sty
Package: uniquecounter 2019/12/15 v1.4 Provide unlimited unique counter (HO)
)
Package uniquecounter Info: New unique counter `rerunfilecheck' on input line 2
85.
)
\Hy@SectionHShift=\skip69
)
runsystem(which pygmentize && touch PateFeuillete_ProductionFinale.aex)...execu
ted.

runsystem(rm PateFeuillete_ProductionFinale.aex)...executed.

LaTeX Font Info:    Trying to load font information for T1+lmr on input line 34
.
 (/home/fadrien/texlive/2023/texmf-dist/tex/latex/lm/t1lmr.fd
File: t1lmr.fd 2015/05/01 v1.6.1 Font defs for Latin Modern
)
(/home/fadrien/texlive/2023/texmf-dist/tex/latex/l3backend/l3backend-pdftex.def
File: l3backend-pdftex.def 2023-04-19 L3 backend support: PDF output (pdfTeX)
\l__color_backend_stack_int=\count340
\l__pdf_internal_box=\box64
) (./PateFeuillete_ProductionFinale.aux)
\openout1 = `PateFeuillete_ProductionFinale.aux'.

LaTeX Font Info:    Checking defaults for OML/cmm/m/it on input line 34.
LaTeX Font Info:    ... okay on input line 34.
LaTeX Font Info:    Checking defaults for OMS/cmsy/m/n on input line 34.
LaTeX Font Info:    ... okay on input line 34.
LaTeX Font Info:    Checking defaults for OT1/cmr/m/n on input line 34.
LaTeX Font Info:    ... okay on input line 34.
LaTeX Font Info:    Checking defaults for T1/cmr/m/n on input line 34.
LaTeX Font Info:    ... okay on input line 34.
LaTeX Font Info:    Checking defaults for TS1/cmr/m/n on input line 34.
LaTeX Font Info:    ... okay on input line 34.
LaTeX Font Info:    Checking defaults for OMX/cmex/m/n on input line 34.
LaTeX Font Info:    ... okay on input line 34.
LaTeX Font Info:    Checking defaults for U/cmr/m/n on input line 34.
LaTeX Font Info:    ... okay on input line 34.
LaTeX Font Info:    Checking defaults for PD1/pdf/m/n on input line 34.
LaTeX Font Info:    ... okay on input line 34.
LaTeX Font Info:    Checking defaults for PU/pdf/m/n on input line 34.
LaTeX Font Info:    ... okay on input line 34.

*geometry* driver: auto-detecting
*geometry* detected driver: pdftex
*geometry* verbose mode - [ preamble ] result:
* driver: pdftex
* paper: a4paper
* layout: <same size as paper>
* layoutoffset:(h,v)=(0.0pt,0.0pt)
* modes: 
* h-part:(L,W,R)=(56.9055pt, 483.69687pt, 56.9055pt)
* v-part:(T,H,B)=(28.45274pt, 773.91498pt, 42.67912pt)
* \paperwidth=597.50787pt
* \paperheight=845.04684pt
* \textwidth=483.69687pt
* \textheight=773.91498pt
* \oddsidemargin=-15.36449pt
* \evensidemargin=-15.36449pt
* \topmargin=-63.73415pt
* \headheight=14.22636pt
* \headsep=5.69054pt
* \topskip=12.0pt
* \footskip=30.0pt
* \marginparwidth=35.0pt
* \marginparsep=10.0pt
* \columnsep=10.0pt
* \skip\footins=10.8pt plus 4.0pt minus 2.0pt
* \hoffset=0.0pt
* \voffset=0.0pt
* \mag=1000
* \@twocolumnfalse
* \@twosidefalse
* \@mparswitchfalse
* \@reversemarginfalse
* (1in=72.27pt=25.4mm, 1cm=28.453pt)

(/home/fadrien/texlive/2023/texmf-dist/tex/context/base/mkii/supp-pdf.mkii
[Loading MPS to PDF converter (version 2006.09.02).]
\scratchcounter=\count341
\scratchdimen=\dimen262
\scratchbox=\box65
\nofMPsegments=\count342
\nofMParguments=\count343
\everyMPshowfont=\toks33
\MPscratchCnt=\count344
\MPscratchDim=\dimen263
\MPnumerator=\count345
\makeMPintoPDFobject=\count346
\everyMPtoPDFconversion=\toks34
)
(/home/fadrien/texlive/2023/texmf-dist/tex/latex/epstopdf-pkg/epstopdf-base.sty
Package: epstopdf-base 2020-01-24 v2.11 Base part for package epstopdf
Package epstopdf-base Info: Redefining graphics rule for `.eps' on input line 4
85.
(/home/fadrien/texlive/2023/texmf-dist/tex/latex/latexconfig/epstopdf-sys.cfg
File: epstopdf-sys.cfg 2010/07/13 v1.3 Configuration of (r)epstopdf for TeX Liv
e
))
LaTeX Info: Redefining \degres on input line 34.
LaTeX Info: Redefining \up on input line 34.
\c@lstlisting=\count347
Package caption Info: Begin \AtBeginDocument code.
Package caption Info: hyperref package is loaded.
Package caption Info: End \AtBeginDocument code.
Package hyperref Info: Link coloring ON on input line 34.
(./PateFeuillete_ProductionFinale.out) (./PateFeuillete_ProductionFinale.out)
\@outlinefile=\write5
\openout5 = `PateFeuillete_ProductionFinale.out'.

\c@def=\count348
\c@prop=\count349
\c@coro=\count350
\c@conj=\count351
\c@lemme=\count352
LaTeX Font Info:    Trying to load font information for OT1+lmr on input line 7
3.

(/home/fadrien/texlive/2023/texmf-dist/tex/latex/lm/ot1lmr.fd
File: ot1lmr.fd 2015/05/01 v1.6.1 Font defs for Latin Modern
)
LaTeX Font Info:    Trying to load font information for OML+lmm on input line 7
3.

(/home/fadrien/texlive/2023/texmf-dist/tex/latex/lm/omllmm.fd
File: omllmm.fd 2015/05/01 v1.6.1 Font defs for Latin Modern
)
LaTeX Font Info:    Trying to load font information for OMS+lmsy on input line 
73.

(/home/fadrien/texlive/2023/texmf-dist/tex/latex/lm/omslmsy.fd
File: omslmsy.fd 2015/05/01 v1.6.1 Font defs for Latin Modern
)
LaTeX Font Info:    Trying to load font information for OMX+lmex on input line 
73.

(/home/fadrien/texlive/2023/texmf-dist/tex/latex/lm/omxlmex.fd
File: omxlmex.fd 2015/05/01 v1.6.1 Font defs for Latin Modern
)
LaTeX Font Info:    External font `lmex10' loaded for size
(Font)              <8> on input line 73.
LaTeX Font Info:    External font `lmex10' loaded for size
(Font)              <6> on input line 73.
LaTeX Font Info:    External font `lmex10' loaded for size
(Font)              <5> on input line 73.
LaTeX Font Info:    Trying to load font information for U+msa on input line 73.


(/home/fadrien/texlive/2023/texmf-dist/tex/latex/amsfonts/umsa.fd
File: umsa.fd 2013/01/14 v3.01 AMS symbols A
)
LaTeX Font Info:    Trying to load font information for U+msb on input line 73.


(/home/fadrien/texlive/2023/texmf-dist/tex/latex/amsfonts/umsb.fd
File: umsb.fd 2013/01/14 v3.01 AMS symbols B
)
LaTeX Font Info:    Trying to load font information for U+stmry on input line 7
3.

(/home/fadrien/texlive/2023/texmf-dist/tex/latex/stmaryrd/Ustmry.fd)
LaTeX Font Info:    External font `lmex10' loaded for size
(Font)              <12> on input line 92.
LaTeX Font Info:    External font `lmex10' loaded for size
(Font)              <10> on input line 102.
LaTeX Font Info:    External font `lmex10' loaded for size
(Font)              <7> on input line 102.

(./PateFeuillete_ProductionFinale.toc)
\tf@toc=\write6
\openout6 = `PateFeuillete_ProductionFinale.toc'.

 [1

{/home/fadrien/texlive/2023/texmf-var/fonts/map/pdftex/updmap/pdftex.map}{/home
/fadrien/texlive/2023/texmf-dist/fonts/enc/dvips/lm/lm-ec.enc}{/home/fadrien/te
xlive/2023/texmf-dist/fonts/enc/dvips/lm/lm-rm.enc}{/home/fadrien/texlive/2023/
texmf-dist/fonts/enc/dvips/lm/lm-mathit.enc}{/home/fadrien/texlive/2023/texmf-d
ist/fonts/enc/dvips/lm/lm-mathsy.enc}]
<../TeXGraph/Pdf/intro_pate_1.pdf, id=205, 342.43636pt x 342.43636pt>
File: ../TeXGraph/Pdf/intro_pate_1.pdf Graphic file (type pdf)
<use ../TeXGraph/Pdf/intro_pate_1.pdf>
Package pdftex.def Info: ../TeXGraph/Pdf/intro_pate_1.pdf  used on input line 1
35.
(pdftex.def)             Requested size: 94.16766pt x 94.16766pt.

Package caption Warning: The option `hypcap=true' will be ignored for this
(caption)                particular \caption on input line 136.
See the caption package documentation for explanation.

<../TeXGraph/Pdf/intro_pate_2.pdf, id=206, 626.96434pt x 342.43636pt>
File: ../TeXGraph/Pdf/intro_pate_2.pdf Graphic file (type pdf)
<use ../TeXGraph/Pdf/intro_pate_2.pdf>
Package pdftex.def Info: ../TeXGraph/Pdf/intro_pate_2.pdf  used on input line 1
43.
(pdftex.def)             Requested size: 172.41093pt x 94.16766pt.

Package caption Warning: The option `hypcap=true' will be ignored for this
(caption)                particular \caption on input line 144.
See the caption package documentation for explanation.

File: ../TeXGraph/Pdf/intro_pate_1.pdf Graphic file (type pdf)
<use ../TeXGraph/Pdf/intro_pate_1.pdf>
Package pdftex.def Info: ../TeXGraph/Pdf/intro_pate_1.pdf  used on input line 1
51.
(pdftex.def)             Requested size: 94.16766pt x 94.16766pt.

Package caption Warning: The option `hypcap=true' will be ignored for this
(caption)                particular \caption on input line 152.
See the caption package documentation for explanation.


Underfull \hbox (badness 1496) in paragraph at lines 165--165
[][][]\T1/lmr/m/n/10 .[][]Merci à Chris-tian MÉ-RON pour son ani-ma-tion de la 
pâte feuille-tée. Lien vers l'ani-ma-tion :
 []

<../TeXGraph/Pdf/visuel_2D_pate.pdf, id=210, 889.28433pt x 1252.92493pt>
File: ../TeXGraph/Pdf/visuel_2D_pate.pdf Graphic file (type pdf)
<use ../TeXGraph/Pdf/visuel_2D_pate.pdf>
Package pdftex.def Info: ../TeXGraph/Pdf/visuel_2D_pate.pdf  used on input line
 170.
(pdftex.def)             Requested size: 400.17426pt x 563.81102pt.

Package caption Warning: The option `hypcap=true' will be ignored for this
(caption)                particular \caption on input line 171.
See the caption package documentation for explanation.


Package fancyhdr Warning: \headheight is too small (14.22636pt): 
(fancyhdr)                Make it at least 14.49998pt, for example:
(fancyhdr)                \setlength{\headheight}{14.49998pt}.
(fancyhdr)                You might also make \topmargin smaller to compensate:

(fancyhdr)                \addtolength{\topmargin}{-0.27362pt}.

[2

 <../TeXGraph/Pdf/intro_pate_1.pdf> <../TeXGraph/Pdf/intro_pate_2.pdf>]

Package fancyhdr Warning: \headheight is too small (14.22636pt): 
(fancyhdr)                Make it at least 14.49998pt, for example:
(fancyhdr)                \setlength{\headheight}{14.49998pt}.
(fancyhdr)                You might also make \topmargin smaller to compensate:

(fancyhdr)                \addtolength{\topmargin}{-0.27362pt}.

[3 <../TeXGraph/Pdf/visuel_2D_pate.pdf>]
<../TeXGraph/Pdf/visuel_2D_arbre.pdf, id=273, 427.79523pt x 204.69975pt>
File: ../TeXGraph/Pdf/visuel_2D_arbre.pdf Graphic file (type pdf)
<use ../TeXGraph/Pdf/visuel_2D_arbre.pdf>
Package pdftex.def Info: ../TeXGraph/Pdf/visuel_2D_arbre.pdf  used on input lin
e 181.
(pdftex.def)             Requested size: 192.50606pt x 92.11403pt.


Package caption Warning: The option `hypcap=true' will be ignored for this
(caption)                particular \caption on input line 182.
See the caption package documentation for explanation.

<../TeXGraph/Pdf/visuel_2D_arbre_2.pdf, id=274, 854.58672pt x 282.84871pt>
File: ../TeXGraph/Pdf/visuel_2D_arbre_2.pdf Graphic file (type pdf)
<use ../TeXGraph/Pdf/visuel_2D_arbre_2.pdf>
Package pdftex.def Info: ../TeXGraph/Pdf/visuel_2D_arbre_2.pdf  used on input l
ine 187.
(pdftex.def)             Requested size: 384.56047pt x 127.28075pt.

Package caption Warning: The option `hypcap=true' will be ignored for this
(caption)                particular \caption on input line 188.
See the caption package documentation for explanation.

<../TeXGraph/Pdf/graphique_etape_1.pdf, id=276, 427.79523pt x 427.79523pt>
File: ../TeXGraph/Pdf/graphique_etape_1.pdf Graphic file (type pdf)
<use ../TeXGraph/Pdf/graphique_etape_1.pdf>
Package pdftex.def Info: ../TeXGraph/Pdf/graphique_etape_1.pdf  used on input l
ine 206.
(pdftex.def)             Requested size: 192.50606pt x 192.50606pt.

Package caption Warning: The option `hypcap=true' will be ignored for this
(caption)                particular \caption on input line 207.
See the caption package documentation for explanation.


Package fancyhdr Warning: \headheight is too small (14.22636pt): 
(fancyhdr)                Make it at least 14.49998pt, for example:
(fancyhdr)                \setlength{\headheight}{14.49998pt}.
(fancyhdr)                You might also make \topmargin smaller to compensate:

(fancyhdr)                \addtolength{\topmargin}{-0.27362pt}.

[4{/home/fadrien/texlive/2023/texmf-dist/fonts/enc/dvips/lm/lm-mathex.enc} <../
TeXGraph/Pdf/visuel_2D_arbre.pdf> <../TeXGraph/Pdf/visuel_2D_arbre_2.pdf> <../T
eXGraph/Pdf/graphique_etape_1.pdf>]
<../TeXGraph/Pdf/graphique_etape_1_periode.pdf, id=318, 427.79523pt x 427.79523
pt>
File: ../TeXGraph/Pdf/graphique_etape_1_periode.pdf Graphic file (type pdf)
<use ../TeXGraph/Pdf/graphique_etape_1_periode.pdf>
Package pdftex.def Info: ../TeXGraph/Pdf/graphique_etape_1_periode.pdf  used on
 input line 216.
(pdftex.def)             Requested size: 192.50606pt x 192.50606pt.


Package caption Warning: The option `hypcap=true' will be ignored for this
(caption)                particular \caption on input line 217.
See the caption package documentation for explanation.

<../TeXGraph/Pdf/graphique_etape_2_periode.pdf, id=319, 427.79523pt x 427.79523
pt>
File: ../TeXGraph/Pdf/graphique_etape_2_periode.pdf Graphic file (type pdf)
<use ../TeXGraph/Pdf/graphique_etape_2_periode.pdf>
Package pdftex.def Info: ../TeXGraph/Pdf/graphique_etape_2_periode.pdf  used on
 input line 225.
(pdftex.def)             Requested size: 192.50606pt x 192.50606pt.

Package caption Warning: The option `hypcap=true' will be ignored for this
(caption)                particular \caption on input line 226.
See the caption package documentation for explanation.


Package fancyhdr Warning: \headheight is too small (14.22636pt): 
(fancyhdr)                Make it at least 14.49998pt, for example:
(fancyhdr)                \setlength{\headheight}{14.49998pt}.
(fancyhdr)                You might also make \topmargin smaller to compensate:

(fancyhdr)                \addtolength{\topmargin}{-0.27362pt}.

[5 <../TeXGraph/Pdf/graphique_etape_1_periode.pdf> <../TeXGraph/Pdf/graphique_e
tape_2_periode.pdf>]
<../TeXGraph/Pdf/courbe_suite_image.pdf, id=345, 427.79523pt x 427.79523pt>
File: ../TeXGraph/Pdf/courbe_suite_image.pdf Graphic file (type pdf)
<use ../TeXGraph/Pdf/courbe_suite_image.pdf>
Package pdftex.def Info: ../TeXGraph/Pdf/courbe_suite_image.pdf  used on input 
line 237.
(pdftex.def)             Requested size: 192.50606pt x 192.50606pt.


Package caption Warning: The option `hypcap=true' will be ignored for this
(caption)                particular \caption on input line 238.
See the caption package documentation for explanation.

<../TeXGraph/Pdf/courbe_suite_intersection.pdf, id=346, 427.79523pt x 427.79523
pt>
File: ../TeXGraph/Pdf/courbe_suite_intersection.pdf Graphic file (type pdf)
<use ../TeXGraph/Pdf/courbe_suite_intersection.pdf>
Package pdftex.def Info: ../TeXGraph/Pdf/courbe_suite_intersection.pdf  used on
 input line 243.
(pdftex.def)             Requested size: 192.50606pt x 192.50606pt.

Package caption Warning: The option `hypcap=true' will be ignored for this
(caption)                particular \caption on input line 244.
See the caption package documentation for explanation.

<../TeXGraph/Pdf/courbe_suite_x_1.pdf, id=347, 427.79523pt x 427.79523pt>
File: ../TeXGraph/Pdf/courbe_suite_x_1.pdf Graphic file (type pdf)
<use ../TeXGraph/Pdf/courbe_suite_x_1.pdf>
Package pdftex.def Info: ../TeXGraph/Pdf/courbe_suite_x_1.pdf  used on input li
ne 249.
(pdftex.def)             Requested size: 192.50606pt x 192.50606pt.

Package caption Warning: The option `hypcap=true' will be ignored for this
(caption)                particular \caption on input line 250.
See the caption package documentation for explanation.


Package fancyhdr Warning: \headheight is too small (14.22636pt): 
(fancyhdr)                Make it at least 14.49998pt, for example:
(fancyhdr)                \setlength{\headheight}{14.49998pt}.
(fancyhdr)                You might also make \topmargin smaller to compensate:

(fancyhdr)                \addtolength{\topmargin}{-0.27362pt}.

[6 <../TeXGraph/Pdf/courbe_suite_image.pdf> <../TeXGraph/Pdf/courbe_suite_inter
section.pdf>]
<../TeXGraph/Pdf/courbe_suite_phenomene_2.pdf, id=372, 427.79523pt x 427.79523p
t>
File: ../TeXGraph/Pdf/courbe_suite_phenomene_2.pdf Graphic file (type pdf)
<use ../TeXGraph/Pdf/courbe_suite_phenomene_2.pdf>
Package pdftex.def Info: ../TeXGraph/Pdf/courbe_suite_phenomene_2.pdf  used on 
input line 260.
(pdftex.def)             Requested size: 192.50606pt x 192.50606pt.
<../TeXGraph/Pdf/courbe_suite_phenomene_1.pdf, id=373, 427.79523pt x 427.79523p
t>
File: ../TeXGraph/Pdf/courbe_suite_phenomene_1.pdf Graphic file (type pdf)
<use ../TeXGraph/Pdf/courbe_suite_phenomene_1.pdf>
Package pdftex.def Info: ../TeXGraph/Pdf/courbe_suite_phenomene_1.pdf  used on 
input line 266.
(pdftex.def)             Requested size: 192.50606pt x 192.50606pt.
\openout3 = `PateFeuillete_ProductionFinale.pyg'.

 (./_minted-PateFeuillete_ProductionFinale/default.pygstyle)
runsystem(pygmentize -S default -f latex -P commandprefix=PYG > _minted-PateFeu
illete_ProductionFinale/default.pygstyle)...executed.


(./_minted-PateFeuillete_ProductionFinale/default.pygstyle)
runsystem(pygmentize -l 'text' -f latex -P commandprefix=PYG -F tokenmerge -P s
tripnl='False' -o _minted-PateFeuillete_ProductionFinale/93006809270E1F91D5F9EE
27207776E8B49FEA23814F692B843E363D4DE8D622.pygtex PateFeuillete_ProductionFinal
e.pyg)...executed.



Package fancyhdr Warning: \headheight is too small (14.22636pt): 
(fancyhdr)                Make it at least 14.49998pt, for example:
(fancyhdr)                \setlength{\headheight}{14.49998pt}.
(fancyhdr)                You might also make \topmargin smaller to compensate:

(fancyhdr)                \addtolength{\topmargin}{-0.27362pt}.

[7 <../TeXGraph/Pdf/courbe_suite_x_1.pdf> <../TeXGraph/Pdf/courbe_suite_phenome
ne_2.pdf> <../TeXGraph/Pdf/courbe_suite_phenomene_1.pdf>]
(./_minted-PateFeuillete_ProductionFinale/93006809270E1F91D5F9EE27207776E8B49FE
A23814F692B843E363D4DE8D622.pygtex
LaTeX Font Info:    Trying to load font information for T1+lmtt on input line 1
.

(/home/fadrien/texlive/2023/texmf-dist/tex/latex/lm/t1lmtt.fd
File: t1lmtt.fd 2015/05/01 v1.6.1 Font defs for Latin Modern
)
LaTeX Font Info:    Trying to load font information for TS1+lmtt on input line 
3.

(/home/fadrien/texlive/2023/texmf-dist/tex/latex/lm/ts1lmtt.fd
File: ts1lmtt.fd 2015/05/01 v1.6.1 Font defs for Latin Modern
))

Package caption Warning: The option `hypcap=true' will be ignored for this
(caption)                particular \caption on input line 302.
See the caption package documentation for explanation.

\openout3 = `PateFeuillete_ProductionFinale.pyg'.

runsystem(pygmentize -l 'python' -f latex -P commandprefix=PYG -F tokenmerge -P
 stripnl='False' -o _minted-PateFeuillete_ProductionFinale/937ACF99B33C9F170BF1
403EB7BACEECB8ABEC7EF57C8224CD982A4E1AF725D5.pygtex PateFeuillete_ProductionFin
ale.pyg)...executed.


(./_minted-PateFeuillete_ProductionFinale/937ACF99B33C9F170BF1403EB7BACEECB8ABE
C7EF57C8224CD982A4E1AF725D5.pygtex
LaTeX Font Info:    Font shape `T1/lmtt/bx/n' in size <10> not available
(Font)              Font shape `T1/lmtt/b/n' tried instead on input line 2.
)

Package caption Warning: The option `hypcap=true' will be ignored for this
(caption)                particular \caption on input line 321.
See the caption package documentation for explanation.

\openout4 = `PateFeuillete_ProductionFinale.pyg'.

runsystem(pygmentize -l 'python' -f latex -P commandprefix=PYG -F tokenmerge -P
 stripnl='False' -o _minted-PateFeuillete_ProductionFinale/95996C77036B73FEDD13
DA26FB4041C0B8ABEC7EF57C8224CD982A4E1AF725D5.pygtex PateFeuillete_ProductionFin
ale.pyg)...executed.


(./_minted-PateFeuillete_ProductionFinale/95996C77036B73FEDD13DA26FB4041C0B8ABE
C7EF57C8224CD982A4E1AF725D5.pygtex)
Overfull \hbox (41.10641pt too wide) in paragraph at lines 326--327
[]\T1/lmr/m/n/12 D'ailleurs, d'après la note [][]$\OT1/lmr/m/n/12 4$[][] \T1/lm
r/m/n/12 les lignes $\OT1/lmr/m/n/12 5 \OMS/lmsy/m/n/12 ^^@ \OT1/lmr/m/n/12 6 \
OMS/lmsy/m/n/12 ^^@ \OT1/lmr/m/n/12 7$ \T1/lmr/m/n/12 peuvent être rem-pla-cées
 par [].
 []


Package fancyhdr Warning: \headheight is too small (14.22636pt): 
(fancyhdr)                Make it at least 14.49998pt, for example:
(fancyhdr)                \setlength{\headheight}{14.49998pt}.
(fancyhdr)                You might also make \topmargin smaller to compensate:

(fancyhdr)                \addtolength{\topmargin}{-0.27362pt}.

[8{/home/fadrien/texlive/2023/texmf-dist/fonts/enc/dvips/lm/lm-ts1.enc}]
\openout3 = `PateFeuillete_ProductionFinale.pyg'.

runsystem(pygmentize -l 'text' -f latex -P commandprefix=PYG -F tokenmerge -P s
tripnl='False' -o _minted-PateFeuillete_ProductionFinale/C1FE86C552A272139BDFE2
85917F0BE1B49FEA23814F692B843E363D4DE8D622.pygtex PateFeuillete_ProductionFinal
e.pyg)...executed.


(./_minted-PateFeuillete_ProductionFinale/C1FE86C552A272139BDFE285917F0BE1B49FE
A23814F692B843E363D4DE8D622.pygtex)

Package caption Warning: The option `hypcap=true' will be ignored for this
(caption)                particular \caption on input line 351.
See the caption package documentation for explanation.

\openout3 = `PateFeuillete_ProductionFinale.pyg'.

runsystem(pygmentize -l 'python' -f latex -P commandprefix=PYG -F tokenmerge -P
 stripnl='False' -o _minted-PateFeuillete_ProductionFinale/EAB4352D0FD9FCBE9408
31F66866DDFAB8ABEC7EF57C8224CD982A4E1AF725D5.pygtex PateFeuillete_ProductionFin
ale.pyg)...executed.


(./_minted-PateFeuillete_ProductionFinale/EAB4352D0FD9FCBE940831F66866DDFAB8ABE
C7EF57C8224CD982A4E1AF725D5.pygtex)

Package caption Warning: The option `hypcap=true' will be ignored for this
(caption)                particular \caption on input line 371.
See the caption package documentation for explanation.


Package fancyhdr Warning: \headheight is too small (14.22636pt): 
(fancyhdr)                Make it at least 14.49998pt, for example:
(fancyhdr)                \setlength{\headheight}{14.49998pt}.
(fancyhdr)                You might also make \topmargin smaller to compensate:

(fancyhdr)                \addtolength{\topmargin}{-0.27362pt}.

[9]
LaTeX Font Info:    External font `lmex10' loaded for size
(Font)              <14.4> on input line 390.


Package hyperref Warning: Token not allowed in a PDF string (Unicode):
(hyperref)                removing `math shift' on input line 390.


Package hyperref Warning: Token not allowed in a PDF string (Unicode):
(hyperref)                removing `math shift' on input line 390.

<../TeXGraph/Pdf/visuel_2D_arbre_3.pdf, id=442, 1139.11375pt x 243.47261pt>
File: ../TeXGraph/Pdf/visuel_2D_arbre_3.pdf Graphic file (type pdf)
<use ../TeXGraph/Pdf/visuel_2D_arbre_3.pdf>
Package pdftex.def Info: ../TeXGraph/Pdf/visuel_2D_arbre_3.pdf  used on input l
ine 405.
(pdftex.def)             Requested size: 512.59647pt x 109.56166pt.

Package caption Warning: The option `hypcap=true' will be ignored for this
(caption)                particular \caption on input line 406.
See the caption package documentation for explanation.


Overfull \hbox (28.8996pt too wide) in paragraph at lines 405--406
 [] 
 []


Package caption Warning: The option `hypcap=true' will be ignored for this
(caption)                particular \caption on input line 422.
See the caption package documentation for explanation.


Package caption Warning: The option `hypcap=true' will be ignored for this
(caption)                particular \caption on input line 438.
See the caption package documentation for explanation.


Package fancyhdr Warning: \headheight is too small (14.22636pt): 
(fancyhdr)                Make it at least 15.17403pt, for example:
(fancyhdr)                \setlength{\headheight}{15.17403pt}.
(fancyhdr)                You might also make \topmargin smaller to compensate:

(fancyhdr)                \addtolength{\topmargin}{-0.94766pt}.

[10 <../TeXGraph/Pdf/visuel_2D_arbre_3.pdf>]
<../TeXGraph/Pdf/visuel_2D_arbre_4_part_1.pdf, id=463, 427.79523pt x 186.2167pt
>
File: ../TeXGraph/Pdf/visuel_2D_arbre_4_part_1.pdf Graphic file (type pdf)
<use ../TeXGraph/Pdf/visuel_2D_arbre_4_part_1.pdf>
Package pdftex.def Info: ../TeXGraph/Pdf/visuel_2D_arbre_4_part_1.pdf  used on 
input line 486.
(pdftex.def)             Requested size: 192.50606pt x 83.79672pt.
LaTeX Font Info:    External font `lmex10' loaded for size
(Font)              <10.95> on input line 486.
<../TeXGraph/Pdf/visuel_2D_arbre_4_part_2.pdf, id=464, 427.79523pt x 187.62598p
t>
File: ../TeXGraph/Pdf/visuel_2D_arbre_4_part_2.pdf Graphic file (type pdf)
<use ../TeXGraph/Pdf/visuel_2D_arbre_4_part_2.pdf>
Package pdftex.def Info: ../TeXGraph/Pdf/visuel_2D_arbre_4_part_2.pdf  used on 
input line 486.
(pdftex.def)             Requested size: 192.50606pt x 84.4309pt.


Package hyperref Warning: Token not allowed in a PDF string (Unicode):
(hyperref)                removing `math shift' on input line 490.


Package hyperref Warning: Token not allowed in a PDF string (Unicode):
(hyperref)                removing `math shift' on input line 490.


Package fancyhdr Warning: \headheight is too small (14.22636pt): 
(fancyhdr)                Make it at least 15.17403pt, for example:
(fancyhdr)                \setlength{\headheight}{15.17403pt}.
(fancyhdr)                You might also make \topmargin smaller to compensate:

(fancyhdr)                \addtolength{\topmargin}{-0.94766pt}.

[11 <../TeXGraph/Pdf/visuel_2D_arbre_4_part_1.pdf> <../TeXGraph/Pdf/visuel_2D_a
rbre_4_part_2.pdf>]
Overfull \vbox (0.67404pt too high) detected at line 517
 []


Package caption Warning: The option `hypcap=true' will be ignored for this
(caption)                particular \caption on input line 524.
See the caption package documentation for explanation.


Overfull \hbox (9.94229pt too wide) in paragraph at lines 514--524
 [] 
 []


Package hyperref Warning: Token not allowed in a PDF string (Unicode):
(hyperref)                removing `math shift' on input line 531.


Package hyperref Warning: Token not allowed in a PDF string (Unicode):
(hyperref)                removing `math shift' on input line 531.


Package hyperref Warning: Token not allowed in a PDF string (Unicode):
(hyperref)                removing `math shift' on input line 542.


Package hyperref Warning: Token not allowed in a PDF string (Unicode):
(hyperref)                removing `math shift' on input line 542.


Package fancyhdr Warning: \headheight is too small (14.22636pt): 
(fancyhdr)                Make it at least 15.17403pt, for example:
(fancyhdr)                \setlength{\headheight}{15.17403pt}.
(fancyhdr)                You might also make \topmargin smaller to compensate:

(fancyhdr)                \addtolength{\topmargin}{-0.94766pt}.

[12]

Package hyperref Warning: Token not allowed in a PDF string (Unicode):
(hyperref)                removing `math shift' on input line 573.


Package hyperref Warning: Token not allowed in a PDF string (Unicode):
(hyperref)                removing `\new@ifnextchar' on input line 573.


Package hyperref Warning: Token not allowed in a PDF string (Unicode):
(hyperref)                removing `math shift' on input line 573.


Package fancyhdr Warning: \headheight is too small (14.22636pt): 
(fancyhdr)                Make it at least 15.17403pt, for example:
(fancyhdr)                \setlength{\headheight}{15.17403pt}.
(fancyhdr)                You might also make \topmargin smaller to compensate:

(fancyhdr)                \addtolength{\topmargin}{-0.94766pt}.

[13]

Package hyperref Warning: Token not allowed in a PDF string (Unicode):
(hyperref)                removing `math shift' on input line 579.


Package hyperref Warning: Token not allowed in a PDF string (Unicode):
(hyperref)                removing `\new@ifnextchar' on input line 579.


Package hyperref Warning: Token not allowed in a PDF string (Unicode):
(hyperref)                removing `\left' on input line 579.


Package hyperref Warning: Token not allowed in a PDF string (Unicode):
(hyperref)                removing `\right' on input line 579.


Package hyperref Warning: Token not allowed in a PDF string (Unicode):
(hyperref)                removing `math shift' on input line 579.


Package hyperref Warning: Token not allowed in a PDF string (Unicode):
(hyperref)                removing `math shift' on input line 579.


Package hyperref Warning: Token not allowed in a PDF string (Unicode):
(hyperref)                removing `\in' on input line 579.


Package hyperref Warning: Token not allowed in a PDF string (Unicode):
(hyperref)                removing `math shift' on input line 579.

\openout3 = `PateFeuillete_ProductionFinale.pyg'.

runsystem(pygmentize -l 'text' -f latex -P commandprefix=PYG -F tokenmerge -P s
tripnl='False' -o _minted-PateFeuillete_ProductionFinale/E5485796A2549B21E41E6A
79149E1623B49FEA23814F692B843E363D4DE8D622.pygtex PateFeuillete_ProductionFinal
e.pyg)...executed.


(./_minted-PateFeuillete_ProductionFinale/E5485796A2549B21E41E6A79149E1623B49FE
A23814F692B843E363D4DE8D622.pygtex)

Package caption Warning: The option `hypcap=true' will be ignored for this
(caption)                particular \caption on input line 597.
See the caption package documentation for explanation.

\openout3 = `PateFeuillete_ProductionFinale.pyg'.

runsystem(pygmentize -l 'python' -f latex -P commandprefix=PYG -F tokenmerge -P
 stripnl='False' -o _minted-PateFeuillete_ProductionFinale/2E0A6F42EF0809661692
12865F82BB46B8ABEC7EF57C8224CD982A4E1AF725D5.pygtex PateFeuillete_ProductionFin
ale.pyg)...executed.


(./_minted-PateFeuillete_ProductionFinale/2E0A6F42EF080966169212865F82BB46B8ABE
C7EF57C8224CD982A4E1AF725D5.pygtex)

Package caption Warning: The option `hypcap=true' will be ignored for this
(caption)                particular \caption on input line 620.
See the caption package documentation for explanation.


Package fancyhdr Warning: \headheight is too small (14.22636pt): 
(fancyhdr)                Make it at least 15.17403pt, for example:
(fancyhdr)                \setlength{\headheight}{15.17403pt}.
(fancyhdr)                You might also make \topmargin smaller to compensate:

(fancyhdr)                \addtolength{\topmargin}{-0.94766pt}.

[14]

Package hyperref Warning: Token not allowed in a PDF string (Unicode):
(hyperref)                removing `math shift' on input line 625.


Package hyperref Warning: Token not allowed in a PDF string (Unicode):
(hyperref)                removing `\new@ifnextchar' on input line 625.


Package hyperref Warning: Token not allowed in a PDF string (Unicode):
(hyperref)                removing `\left' on input line 625.


Package hyperref Warning: Token not allowed in a PDF string (Unicode):
(hyperref)                removing `\right' on input line 625.


Package hyperref Warning: Token not allowed in a PDF string (Unicode):
(hyperref)                removing `math shift' on input line 625.


Package hyperref Warning: Token not allowed in a PDF string (Unicode):
(hyperref)                removing `math shift' on input line 641.


Package hyperref Warning: Token not allowed in a PDF string (Unicode):
(hyperref)                removing `\new@ifnextchar' on input line 641.


Package hyperref Warning: Token not allowed in a PDF string (Unicode):
(hyperref)                removing `math shift' on input line 641.

<../TeXGraph/Pdf/position_periodique_1.pdf, id=533, 427.7872pt x 427.7872pt>
File: ../TeXGraph/Pdf/position_periodique_1.pdf Graphic file (type pdf)
<use ../TeXGraph/Pdf/position_periodique_1.pdf>
Package pdftex.def Info: ../TeXGraph/Pdf/position_periodique_1.pdf  used on inp
ut line 648.
(pdftex.def)             Requested size: 192.50246pt x 192.50246pt.

Package caption Warning: The option `hypcap=true' will be ignored for this
(caption)                particular \caption on input line 649.
See the caption package documentation for explanation.


Package fancyhdr Warning: \headheight is too small (14.22636pt): 
(fancyhdr)                Make it at least 15.17403pt, for example:
(fancyhdr)                \setlength{\headheight}{15.17403pt}.
(fancyhdr)                You might also make \topmargin smaller to compensate:

(fancyhdr)                \addtolength{\topmargin}{-0.94766pt}.

[15]
<../TeXGraph/Pdf/position_periodique_2.pdf, id=541, 427.7872pt x 427.7872pt>
File: ../TeXGraph/Pdf/position_periodique_2.pdf Graphic file (type pdf)
<use ../TeXGraph/Pdf/position_periodique_2.pdf>
Package pdftex.def Info: ../TeXGraph/Pdf/position_periodique_2.pdf  used on inp
ut line 655.
(pdftex.def)             Requested size: 192.50246pt x 192.50246pt.


Package caption Warning: The option `hypcap=true' will be ignored for this
(caption)                particular \caption on input line 656.
See the caption package documentation for explanation.


Package fancyhdr Warning: \headheight is too small (14.22636pt): 
(fancyhdr)                Make it at least 15.17403pt, for example:
(fancyhdr)                \setlength{\headheight}{15.17403pt}.
(fancyhdr)                You might also make \topmargin smaller to compensate:

(fancyhdr)                \addtolength{\topmargin}{-0.94766pt}.

[16 <../TeXGraph/Pdf/position_periodique_1.pdf> <../TeXGraph/Pdf/position_perio
dique_2.pdf>]

Package fancyhdr Warning: \headheight is too small (14.22636pt): 
(fancyhdr)                Make it at least 15.17403pt, for example:
(fancyhdr)                \setlength{\headheight}{15.17403pt}.
(fancyhdr)                You might also make \topmargin smaller to compensate:

(fancyhdr)                \addtolength{\topmargin}{-0.94766pt}.

[17]

Package hyperref Warning: Token not allowed in a PDF string (Unicode):
(hyperref)                removing `math shift' on input line 697.


Package hyperref Warning: Token not allowed in a PDF string (Unicode):
(hyperref)                removing `math shift' on input line 697.


Package hyperref Warning: Token not allowed in a PDF string (Unicode):
(hyperref)                removing `math shift' on input line 697.


Package hyperref Warning: Token not allowed in a PDF string (Unicode):
(hyperref)                removing `math shift' on input line 697.

\openout3 = `PateFeuillete_ProductionFinale.pyg'.

runsystem(pygmentize -l 'text' -f latex -P commandprefix=PYG -F tokenmerge -P s
tripnl='False' -o _minted-PateFeuillete_ProductionFinale/4FECA5B44EA4DE0B48C8F7
9483E5C0D6B49FEA23814F692B843E363D4DE8D622.pygtex PateFeuillete_ProductionFinal
e.pyg)...executed.


Package fancyhdr Warning: \headheight is too small (14.22636pt): 
(fancyhdr)                Make it at least 14.49998pt, for example:
(fancyhdr)                \setlength{\headheight}{14.49998pt}.
(fancyhdr)                You might also make \topmargin smaller to compensate:

(fancyhdr)                \addtolength{\topmargin}{-0.27362pt}.

[18]
(./_minted-PateFeuillete_ProductionFinale/4FECA5B44EA4DE0B48C8F79483E5C0D6B49FE
A23814F692B843E363D4DE8D622.pygtex)

Package caption Warning: The option `hypcap=true' will be ignored for this
(caption)                particular \caption on input line 746.
See the caption package documentation for explanation.

\openout3 = `PateFeuillete_ProductionFinale.pyg'.

runsystem(pygmentize -l 'python' -f latex -P commandprefix=PYG -F tokenmerge -P
 stripnl='False' -o _minted-PateFeuillete_ProductionFinale/6D645B6AAA8E881D1622
0833300830CAB8ABEC7EF57C8224CD982A4E1AF725D5.pygtex PateFeuillete_ProductionFin
ale.pyg)...executed.


(./_minted-PateFeuillete_ProductionFinale/6D645B6AAA8E881D16220833300830CAB8ABE
C7EF57C8224CD982A4E1AF725D5.pygtex)

Package caption Warning: The option `hypcap=true' will be ignored for this
(caption)                particular \caption on input line 766.
See the caption package documentation for explanation.

<../TeXGraph/Pdf/visuel_2D_pate_binaire.pdf, id=585, 342.43636pt x 342.43636pt>

File: ../TeXGraph/Pdf/visuel_2D_pate_binaire.pdf Graphic file (type pdf)
<use ../TeXGraph/Pdf/visuel_2D_pate_binaire.pdf>
Package pdftex.def Info: ../TeXGraph/Pdf/visuel_2D_pate_binaire.pdf  used on in
put line 776.
(pdftex.def)             Requested size: 154.09492pt x 154.09492pt.

Package caption Warning: The option `hypcap=true' will be ignored for this
(caption)                particular \caption on input line 777.
See the caption package documentation for explanation.


Package fancyhdr Warning: \headheight is too small (14.22636pt): 
(fancyhdr)                Make it at least 14.49998pt, for example:
(fancyhdr)                \setlength{\headheight}{14.49998pt}.
(fancyhdr)                You might also make \topmargin smaller to compensate:

(fancyhdr)                \addtolength{\topmargin}{-0.27362pt}.

[19]
File: ../TeXGraph/Pdf/visuel_2D_arbre.pdf Graphic file (type pdf)
<use ../TeXGraph/Pdf/visuel_2D_arbre.pdf>
Package pdftex.def Info: ../TeXGraph/Pdf/visuel_2D_arbre.pdf  used on input lin
e 787.
(pdftex.def)             Requested size: 192.50606pt x 92.11403pt.


Package caption Warning: The option `hypcap=true' will be ignored for this
(caption)                particular \caption on input line 788.
See the caption package documentation for explanation.


Package fancyhdr Warning: \headheight is too small (14.22636pt): 
(fancyhdr)                Make it at least 14.49998pt, for example:
(fancyhdr)                \setlength{\headheight}{14.49998pt}.
(fancyhdr)                You might also make \topmargin smaller to compensate:

(fancyhdr)                \addtolength{\topmargin}{-0.27362pt}.

[20 <../TeXGraph/Pdf/visuel_2D_pate_binaire.pdf>]
Overfull \hbox (14.6065pt too wide) in paragraph at lines 820--821
[]$\T1/lmr/m/n/12 . Des cas \T1/lmr/bx/n/12 1) \T1/lmr/m/n/12 et \T1/lmr/bx/n/1
2 2) \T1/lmr/m/n/12 pré-cé-dents on en dé-duit l'exis-tence d'en-tiers $\OML/lm
m/m/it/12 r[]; r[]; [] ; r[]; r[]; r[]; [] ; r[] \OMS/lmsy/m/n/12 2
 []


Package fancyhdr Warning: \headheight is too small (14.22636pt): 
(fancyhdr)                Make it at least 14.49998pt, for example:
(fancyhdr)                \setlength{\headheight}{14.49998pt}.
(fancyhdr)                You might also make \topmargin smaller to compensate:

(fancyhdr)                \addtolength{\topmargin}{-0.27362pt}.

[21]

Package hyperref Warning: Token not allowed in a PDF string (Unicode):
(hyperref)                removing `math shift' on input line 827.


Package hyperref Warning: Token not allowed in a PDF string (Unicode):
(hyperref)                removing `math shift' on input line 827.


Package hyperref Warning: Token not allowed in a PDF string (Unicode):
(hyperref)                removing `math shift' on input line 827.


Package hyperref Warning: Token not allowed in a PDF string (Unicode):
(hyperref)                removing `math shift' on input line 827.

\openout3 = `PateFeuillete_ProductionFinale.pyg'.

runsystem(pygmentize -l 'text' -f latex -P commandprefix=PYG -F tokenmerge -P s
tripnl='False' -o _minted-PateFeuillete_ProductionFinale/582D2E651B2995A57DE383
C35EBE4B3CB49FEA23814F692B843E363D4DE8D622.pygtex PateFeuillete_ProductionFinal
e.pyg)...executed.


(./_minted-PateFeuillete_ProductionFinale/582D2E651B2995A57DE383C35EBE4B3CB49FE
A23814F692B843E363D4DE8D622.pygtex)

Package fancyhdr Warning: \headheight is too small (14.22636pt): 
(fancyhdr)                Make it at least 14.49998pt, for example:
(fancyhdr)                \setlength{\headheight}{14.49998pt}.
(fancyhdr)                You might also make \topmargin smaller to compensate:

(fancyhdr)                \addtolength{\topmargin}{-0.27362pt}.

[22]

Package caption Warning: The option `hypcap=true' will be ignored for this
(caption)                particular \caption on input line 870.
See the caption package documentation for explanation.

\openout3 = `PateFeuillete_ProductionFinale.pyg'.

runsystem(pygmentize -l 'python' -f latex -P commandprefix=PYG -F tokenmerge -P
 stripnl='False' -o _minted-PateFeuillete_ProductionFinale/2579381E6ED8E7F8B3AA
371294C34C87B8ABEC7EF57C8224CD982A4E1AF725D5.pygtex PateFeuillete_ProductionFin
ale.pyg)...executed.


(./_minted-PateFeuillete_ProductionFinale/2579381E6ED8E7F8B3AA371294C34C87B8ABE
C7EF57C8224CD982A4E1AF725D5.pygtex)

Package caption Warning: The option `hypcap=true' will be ignored for this
(caption)                particular \caption on input line 897.
See the caption package documentation for explanation.


Package fancyhdr Warning: \headheight is too small (14.22636pt): 
(fancyhdr)                Make it at least 14.49998pt, for example:
(fancyhdr)                \setlength{\headheight}{14.49998pt}.
(fancyhdr)                You might also make \topmargin smaller to compensate:

(fancyhdr)                \addtolength{\topmargin}{-0.27362pt}.

[23]
runsystem(rm _minted-PateFeuillete_ProductionFinale/default-pyg-prefix.pygstyle
)...executed.

runsystem(rm _minted-PateFeuillete_ProductionFinale/93006809270E1F91D5F9EE27207
776E85800734E49278180137FF8BE1E46286D.pygtex)...executed.

runsystem(rm _minted-PateFeuillete_ProductionFinale/937ACF99B33C9F170BF1403EB7B
ACEEC96C64D7BCCF0169DC6DE92DBBADF3F3F.pygtex)...executed.

runsystem(rm _minted-PateFeuillete_ProductionFinale/95996C77036B73FEDD13DA26FB4
041C096C64D7BCCF0169DC6DE92DBBADF3F3F.pygtex)...executed.

runsystem(rm _minted-PateFeuillete_ProductionFinale/C1FE86C552A272139BDFE285917
F0BE15800734E49278180137FF8BE1E46286D.pygtex)...executed.

runsystem(rm _minted-PateFeuillete_ProductionFinale/EAB4352D0FD9FCBE940831F6686
6DDFA96C64D7BCCF0169DC6DE92DBBADF3F3F.pygtex)...executed.

runsystem(rm _minted-PateFeuillete_ProductionFinale/E5485796A2549B21E41E6A79149
E16235800734E49278180137FF8BE1E46286D.pygtex)...executed.

runsystem(rm _minted-PateFeuillete_ProductionFinale/2E0A6F42EF080966169212865F8
2BB4696C64D7BCCF0169DC6DE92DBBADF3F3F.pygtex)...executed.

runsystem(rm _minted-PateFeuillete_ProductionFinale/4FECA5B44EA4DE0B48C8F79483E
5C0D65800734E49278180137FF8BE1E46286D.pygtex)...executed.

runsystem(rm _minted-PateFeuillete_ProductionFinale/6D645B6AAA8E881D16220833300
830CA96C64D7BCCF0169DC6DE92DBBADF3F3F.pygtex)...executed.

runsystem(rm _minted-PateFeuillete_ProductionFinale/582D2E651B2995A57DE383C35EB
E4B3C5800734E49278180137FF8BE1E46286D.pygtex)...executed.

runsystem(rm _minted-PateFeuillete_ProductionFinale/2579381E6ED8E7F8B3AA371294C
34C8796C64D7BCCF0169DC6DE92DBBADF3F3F.pygtex)...executed.



Package fancyhdr Warning: \headheight is too small (14.22636pt): 
(fancyhdr)                Make it at least 14.49998pt, for example:
(fancyhdr)                \setlength{\headheight}{14.49998pt}.
(fancyhdr)                You might also make \topmargin smaller to compensate:

(fancyhdr)                \addtolength{\topmargin}{-0.27362pt}.

[24] 
enddocument/afterlastpage: lastpage setting LastPage.
(./PateFeuillete_ProductionFinale.aux)
 ***********
LaTeX2e <2023-06-01> patch level 1
L3 programming layer <2023-06-30>
 ***********


LaTeX Warning: Label(s) may have changed. Rerun to get cross-references right.

Package rerunfilecheck Info: File `PateFeuillete_ProductionFinale.out' has not 
changed.
(rerunfilecheck)             Checksum: DC7271B63C6988393D1FA11D978E6505;9055.
runsystem(rm PateFeuillete_ProductionFinale.pyg)...executed.

 ) 
Here is how much of TeX's memory you used:
 20088 strings out of 475237
 349760 string characters out of 5763061
 1948244 words of memory out of 5000000
 40818 multiletter control sequences out of 15000+600000
 669880 words of font info for 116 fonts, out of 8000000 for 9000
 1141 hyphenation exceptions out of 8191
 77i,16n,81p,1061b,790s stack positions out of 10000i,1000n,20000p,200000b,200000s
</home/fadrien/texlive/2023/texmf-dist/fonts/type1/public/lm/lmbx10.pfb></hom
e/fadrien/texlive/2023/texmf-dist/fonts/type1/public/lm/lmbx12.pfb></home/fadri
en/texlive/2023/texmf-dist/fonts/type1/public/lm/lmbx8.pfb></home/fadrien/texli
ve/2023/texmf-dist/fonts/type1/public/lm/lmbxi10.pfb></home/fadrien/texlive/202
3/texmf-dist/fonts/type1/public/lm/lmcsc10.pfb></home/fadrien/texlive/2023/texm
f-dist/fonts/type1/public/lm/lmex10.pfb></home/fadrien/texlive/2023/texmf-dist/
fonts/type1/public/lm/lmmi10.pfb></home/fadrien/texlive/2023/texmf-dist/fonts/t
ype1/public/lm/lmmi12.pfb></home/fadrien/texlive/2023/texmf-dist/fonts/type1/pu
blic/lm/lmmi5.pfb></home/fadrien/texlive/2023/texmf-dist/fonts/type1/public/lm/
lmmi6.pfb></home/fadrien/texlive/2023/texmf-dist/fonts/type1/public/lm/lmmi7.pf
b></home/fadrien/texlive/2023/texmf-dist/fonts/type1/public/lm/lmmi8.pfb></home
/fadrien/texlive/2023/texmf-dist/fonts/type1/public/lm/lmr10.pfb></home/fadrien
/texlive/2023/texmf-dist/fonts/type1/public/lm/lmr12.pfb></home/fadrien/texlive
/2023/texmf-dist/fonts/type1/public/lm/lmr17.pfb></home/fadrien/texlive/2023/te
xmf-dist/fonts/type1/public/lm/lmr6.pfb></home/fadrien/texlive/2023/texmf-dist/
fonts/type1/public/lm/lmr7.pfb></home/fadrien/texlive/2023/texmf-dist/fonts/typ
e1/public/lm/lmr8.pfb></home/fadrien/texlive/2023/texmf-dist/fonts/type1/public
/lm/lmri10.pfb></home/fadrien/texlive/2023/texmf-dist/fonts/type1/public/lm/lmr
i12.pfb></home/fadrien/texlive/2023/texmf-dist/fonts/type1/public/lm/lmri8.pfb>
</home/fadrien/texlive/2023/texmf-dist/fonts/type1/public/lm/lmsy10.pfb></home/
fadrien/texlive/2023/texmf-dist/fonts/type1/public/lm/lmsy6.pfb></home/fadrien/
texlive/2023/texmf-dist/fonts/type1/public/lm/lmsy7.pfb></home/fadrien/texlive/
2023/texmf-dist/fonts/type1/public/lm/lmsy8.pfb></home/fadrien/texlive/2023/tex
mf-dist/fonts/type1/public/lm/lmtk10.pfb></home/fadrien/texlive/2023/texmf-dist
/fonts/type1/public/lm/lmtt10.pfb></home/fadrien/texlive/2023/texmf-dist/fonts/
type1/public/lm/lmtt12.pfb></home/fadrien/texlive/2023/texmf-dist/fonts/type1/p
ublic/lm/lmtti10.pfb></home/fadrien/texlive/2023/texmf-dist/fonts/type1/public/
amsfonts/symbols/msam10.pfb></home/fadrien/texlive/2023/texmf-dist/fonts/type1/
public/amsfonts/symbols/msbm10.pfb></home/fadrien/texlive/2023/texmf-dist/fonts
/type1/public/stmaryrd/stmary10.pfb>
Output written on PateFeuillete_ProductionFinale.pdf (24 pages, 661976 bytes).
PDF statistics:
 840 PDF objects out of 1000 (max. 8388607)
 718 compressed objects within 8 object streams
 142 named destinations out of 1000 (max. 500000)
 384 words of extra memory for PDF output out of 10000 (max. 10000000)

